{"logTime": "0930/221345", "correlationVector":"pf/UpSReMQRoLQ5gzYNfXi.8","action":"CompareDataConsistency result: ", "result":"Compare result: Web Apps is consistent. local entities count is: 0 local entities hash is: "}
{"logTime": "0930/221345", "correlationVector":"pf/UpSReMQRoLQ5gzYNfXi.9","action":"CompareDataConsistency result: ", "result":"Compare result: Collection is consistent. local entities count is: 0 local entities hash is: "}
{"logTime": "0930/221345", "correlationVector":"pf/UpSReMQRoLQ5gzYNfXi.10","action":"CompareDataConsistency result: ", "result":"Compare result: Edge E Drop is consistent. local entities count is: 0 local entities hash is: "}
{"logTime": "0930/221345", "correlationVector":"pf/UpSReMQRoLQ5gzYNfXi.11","action":"CompareDataConsistency result: ", "result":"Compare result: Edge Tab Group is consistent. local entities count is: 2 local entities hash is: QAwsgB/H1YFtI2kcw6TRChZ9q4k="}
{"logTime": "0930/221345", "correlationVector":"pf/UpSReMQRoLQ5gzYNfXi.12","action":"CompareDataConsistency result: ", "result":"Compare result: Edge Wallet is consistent. local entities count is: 0 local entities hash is: "}
{"logTime": "0930/221345", "correlationVector":"pf/UpSReMQRoLQ5gzYNfXi.13","action":"CompareDataConsistency result: ", "result":"Compare result: Passwords is consistent. local entities count is: 32 local entities hash is: iy6eBZg/v7neW90t2282uG1uuG4="}
{"logTime": "0930/221345", "correlationVector":"","action":"DIAGNOSTIC_REQUEST|v1/diagnosticData/Diagnostic.SendCheckResult()|SUCCESS", "result":""}
{"logTime": "0930/221420", "correlationVector":"fvpXgUABNRHc5aZp9oTdsw","action":"Normal GetUpdate request", "result":"", "context":cV=fvpXgUABNRHc5aZp9oTdsw
Notified types: Preferences}
{"logTime": "0930/221421", "correlationVector":"fvpXgUABNRHc5aZp9oTdsw.1","action":"SyncServerConnectionManagerRequest", "result":"SYNC_SERVER_OK", "context":{"environment":"Prod_SoutheastAsia_000j", "migrationStage":"NotStarted", "server":"GENERAL01000017"}}
{"logTime": "0930/221421", "correlationVector":"fvpXgUABNRHc5aZp9oTdsw.2","action":"GetUpdates Response", "result":"Success", "context":Received 3 update(s). cV=fvpXgUABNRHc5aZp9oTdsw.0;server=GENERAL01000017;cloudType=Consumer;environment=Prod_SoutheastAsia_000j;migrationStage=NotStarted}
{"logTime": "0930/221624", "correlationVector":"cw3/25XS4JkOiIfYyRI2BZ","action":"Commit Request", "result":"", "context":Item count: 1
Contributing types: Sessions}
{"logTime": "0930/221625", "correlationVector":"cw3/25XS4JkOiIfYyRI2BZ.1","action":"SyncServerConnectionManagerRequest", "result":"SYNC_SERVER_OK", "context":{"environment":"Prod_SoutheastAsia_000j", "migrationStage":"NotStarted", "server":"GENERAL03000000"}}
{"logTime": "0930/221625", "correlationVector":"cw3/25XS4JkOiIfYyRI2BZ.2","action":"Commit Response", "result":"Success", "context":Result: Success. cV=cw3/25XS4JkOiIfYyRI2BZ.0;server=GENERAL03000000;cloudType=Consumer;environment=Prod_SoutheastAsia_000j;migrationStage=NotStarted}
{"logTime": "0930/221730", "correlationVector":"gN4m62zj5iaJvcfPW6hXlu","action":"Normal GetUpdate request", "result":"", "context":cV=gN4m62zj5iaJvcfPW6hXlu
Refresh requested types: Bookmarks, Preferences, Passwords, Autofill Profiles, Autofill, Typed URLs, Extensions, Sessions, Extension settings, History Delete Directives, Device Info, User Consents, Send Tab To Self, Web Apps, Collection, Edge E Drop, Edge Hub App Usage, Edge Tab Group, Edge Wallet, Encryption Keys}
{"logTime": "0930/221730", "correlationVector":"gN4m62zj5iaJvcfPW6hXlu.1","action":"SyncServerConnectionManagerRequest", "result":"SYNC_SERVER_OK", "context":{"environment":"Prod_SoutheastAsia_000j", "migrationStage":"NotStarted", "server":"GENERAL0300000C"}}
{"logTime": "0930/221730", "correlationVector":"gN4m62zj5iaJvcfPW6hXlu.2","action":"GetUpdates Response", "result":"Success", "context":Received 2 update(s). cV=gN4m62zj5iaJvcfPW6hXlu.0;server=GENERAL0300000C;cloudType=Consumer;environment=Prod_SoutheastAsia_000j;migrationStage=NotStarted}
{"logTime": "0930/221812", "correlationVector":"LMMBfjdVkrCUOjgcNbrbIo","action":"Commit Request", "result":"", "context":Item count: 1
Contributing types: Sessions}
{"logTime": "0930/221812", "correlationVector":"LMMBfjdVkrCUOjgcNbrbIo.1","action":"SyncServerConnectionManagerRequest", "result":"SYNC_SERVER_OK", "context":{"environment":"Prod_SoutheastAsia_000j", "migrationStage":"NotStarted", "server":"GENERAL0300000M"}}
{"logTime": "0930/221812", "correlationVector":"LMMBfjdVkrCUOjgcNbrbIo.2","action":"Commit Response", "result":"Success", "context":Result: Success. cV=LMMBfjdVkrCUOjgcNbrbIo.0;server=GENERAL0300000M;cloudType=Consumer;environment=Prod_SoutheastAsia_000j;migrationStage=NotStarted}
{"logTime": "0930/222800", "correlationVector":"nv+gSXXeiHgrwitmNWnAOE","action":"Commit Request", "result":"", "context":Item count: 1
Contributing types: Sessions}
{"logTime": "0930/222800", "correlationVector":"nv+gSXXeiHgrwitmNWnAOE.1","action":"SyncServerConnectionManagerRequest", "result":"SYNC_SERVER_OK", "context":{"environment":"Prod_SoutheastAsia_000j", "migrationStage":"NotStarted", "server":"GENERAL03000000"}}
{"logTime": "0930/222800", "correlationVector":"nv+gSXXeiHgrwitmNWnAOE.2","action":"Commit Response", "result":"Success", "context":Result: Success. cV=nv+gSXXeiHgrwitmNWnAOE.0;server=GENERAL03000000;cloudType=Consumer;environment=Prod_SoutheastAsia_000j;migrationStage=NotStarted}
{"logTime": "0930/223050", "correlationVector":"V2A6+OVFHDhjrW687K/AnL","action":"Commit Request", "result":"", "context":Item count: 1
Contributing types: Sessions}
{"logTime": "0930/223050", "correlationVector":"V2A6+OVFHDhjrW687K/AnL.1","action":"SyncServerConnectionManagerRequest", "result":"SYNC_SERVER_OK", "context":{"environment":"Prod_SoutheastAsia_000j", "migrationStage":"NotStarted", "server":"GENERAL0300002M"}}
{"logTime": "0930/223050", "correlationVector":"V2A6+OVFHDhjrW687K/AnL.2","action":"Commit Response", "result":"Success", "context":Result: Success. cV=V2A6+OVFHDhjrW687K/AnL.0;server=GENERAL0300002M;cloudType=Consumer;environment=Prod_SoutheastAsia_000j;migrationStage=NotStarted}
{"logTime": "0930/223315", "correlationVector":"ikXIBV+GstAsdpPUE/7xKS","action":"Commit Request", "result":"", "context":Item count: 1
Contributing types: Sessions}
{"logTime": "0930/223315", "correlationVector":"ikXIBV+GstAsdpPUE/7xKS.1","action":"SyncServerConnectionManagerRequest", "result":"SYNC_SERVER_OK", "context":{"environment":"Prod_SoutheastAsia_000j", "migrationStage":"NotStarted", "server":"GENERAL0300000L"}}
{"logTime": "0930/223315", "correlationVector":"ikXIBV+GstAsdpPUE/7xKS.2","action":"Commit Response", "result":"Success", "context":Result: Success. cV=ikXIBV+GstAsdpPUE/7xKS.0;server=GENERAL0300000L;cloudType=Consumer;environment=Prod_SoutheastAsia_000j;migrationStage=NotStarted}
{"logTime": "0930/223421", "correlationVector":"K9WTxpq4brM2ZSmEW9B6VN","action":"Commit Request", "result":"", "context":Item count: 1
Contributing types: Sessions}
{"logTime": "0930/223422", "correlationVector":"K9WTxpq4brM2ZSmEW9B6VN.1","action":"SyncServerConnectionManagerRequest", "result":"SYNC_SERVER_OK", "context":{"environment":"Prod_SoutheastAsia_000j", "migrationStage":"NotStarted", "server":"GENERAL01000017"}}
{"logTime": "0930/223422", "correlationVector":"K9WTxpq4brM2ZSmEW9B6VN.2","action":"Commit Response", "result":"Success", "context":Result: Success. cV=K9WTxpq4brM2ZSmEW9B6VN.0;server=GENERAL01000017;cloudType=Consumer;environment=Prod_SoutheastAsia_000j;migrationStage=NotStarted}
{"logTime": "0930/223834", "correlationVector":"X2GJ1hlWS02vugGAUNjnI0","action":"Commit Request", "result":"", "context":Item count: 1
Contributing types: Sessions}
{"logTime": "0930/223835", "correlationVector":"X2GJ1hlWS02vugGAUNjnI0.1","action":"SyncServerConnectionManagerRequest", "result":"SYNC_SERVER_OK", "context":{"environment":"Prod_SoutheastAsia_000j", "migrationStage":"NotStarted", "server":"GENERAL0100000I"}}
{"logTime": "0930/223835", "correlationVector":"X2GJ1hlWS02vugGAUNjnI0.2","action":"Commit Response", "result":"Success", "context":Result: Success. cV=X2GJ1hlWS02vugGAUNjnI0.0;server=GENERAL0100000I;cloudType=Consumer;environment=Prod_SoutheastAsia_000j;migrationStage=NotStarted}
{"logTime": "0930/223905", "correlationVector":"lfr3oQfXP1aocrPP53Thae","action":"Commit Request", "result":"", "context":Item count: 1
Contributing types: Sessions}
{"logTime": "0930/223906", "correlationVector":"lfr3oQfXP1aocrPP53Thae.1","action":"SyncServerConnectionManagerRequest", "result":"SYNC_SERVER_OK", "context":{"environment":"Prod_SoutheastAsia_000j", "migrationStage":"NotStarted", "server":"GENERAL0300000C"}}
{"logTime": "0930/223906", "correlationVector":"lfr3oQfXP1aocrPP53Thae.2","action":"Commit Response", "result":"Success", "context":Result: Success. cV=lfr3oQfXP1aocrPP53Thae.0;server=GENERAL0300000C;cloudType=Consumer;environment=Prod_SoutheastAsia_000j;migrationStage=NotStarted}
{"logTime": "0930/224025", "correlationVector":"cX3KBXoCJSF93x6c7x3O77","action":"Commit Request", "result":"", "context":Item count: 1
Contributing types: Sessions}
{"logTime": "0930/224026", "correlationVector":"cX3KBXoCJSF93x6c7x3O77.1","action":"SyncServerConnectionManagerRequest", "result":"SYNC_SERVER_OK", "context":{"environment":"Prod_SoutheastAsia_000j", "migrationStage":"NotStarted", "server":"GENERAL0300000L"}}
{"logTime": "0930/224026", "correlationVector":"cX3KBXoCJSF93x6c7x3O77.2","action":"Commit Response", "result":"Success", "context":Result: Success. cV=cX3KBXoCJSF93x6c7x3O77.0;server=GENERAL0300000L;cloudType=Consumer;environment=Prod_SoutheastAsia_000j;migrationStage=NotStarted}
{"logTime": "0930/224939", "correlationVector":"v/hRTqO1sP2gkNViPxqzSd","action":"Commit Request", "result":"", "context":Item count: 1
Contributing types: Sessions}
{"logTime": "0930/224939", "correlationVector":"v/hRTqO1sP2gkNViPxqzSd.1","action":"SyncServerConnectionManagerRequest", "result":"SYNC_SERVER_OK", "context":{"environment":"Prod_SoutheastAsia_000j", "migrationStage":"NotStarted", "server":"GENERAL0100000Z"}}
{"logTime": "0930/224939", "correlationVector":"v/hRTqO1sP2gkNViPxqzSd.2","action":"Commit Response", "result":"Success", "context":Result: Success. cV=v/hRTqO1sP2gkNViPxqzSd.0;server=GENERAL0100000Z;cloudType=Consumer;environment=Prod_SoutheastAsia_000j;migrationStage=NotStarted}
{"logTime": "1008/035229", "correlationVector":"Nk5i9qoYk06UhbVjkSD/83.1","action":"SyncServerConnectionManagerRequest", "result":"SYNC_SERVER_OK", "context":{"environment":"Prod_SoutheastAsia_000j", "migrationStage":"NotStarted", "server":"GENERAL01000011"}}
{"logTime": "1008/035230", "correlationVector":"53+KeNznxbvNzV73qszadM","action":"SyncServerConnectionManagerRequest", "result":"SYNC_SERVER_OK", "context":{"environment":"", "migrationStage":"", "server":""}}
{"logTime": "1008/035230", "correlationVector":"Nk5i9qoYk06UhbVjkSD/83","action":"Initial GetUpdates", "result":"", "context":Reason: NEW_CLIENT. cV=Nk5i9qoYk06UhbVjkSD/83}
{"logTime": "1008/035230", "correlationVector":"Nk5i9qoYk06UhbVjkSD/83.2","action":"GetUpdates Response", "result":"Success", "context":Received 1 update(s). cV=Nk5i9qoYk06UhbVjkSD/83.0;server=GENERAL01000011;cloudType=Consumer;environment=Prod_SoutheastAsia_000j;migrationStage=NotStarted}
{"logTime": "1008/035230", "correlationVector":"wqaeo7SeSSQF+gu0LWX0sU","action":"Initial GetUpdates", "result":"", "context":Reason: NEWLY_SUPPORTED_DATATYPE. cV=wqaeo7SeSSQF+gu0LWX0sU}
{"logTime": "1008/035231", "correlationVector":"wqaeo7SeSSQF+gu0LWX0sU.1","action":"SyncServerConnectionManagerRequest", "result":"SYNC_SERVER_OK", "context":{"environment":"Prod_SoutheastAsia_000j", "migrationStage":"NotStarted", "server":"GENERAL0100000A"}}
{"logTime": "1008/035231", "correlationVector":"wqaeo7SeSSQF+gu0LWX0sU.2","action":"GetUpdates Response", "result":"Success", "context":Received 32 update(s). cV=wqaeo7SeSSQF+gu0LWX0sU.0;server=GENERAL0100000A;cloudType=Consumer;environment=Prod_SoutheastAsia_000j;migrationStage=NotStarted}
{"logTime": "1008/035231", "correlationVector":"Lp/tnx2GZarafEVGYDI+ii","action":"Normal GetUpdate request", "result":"", "context":cV=Lp/tnx2GZarafEVGYDI+ii
Nudged types: Sessions, Device Info
Refresh requested types: Bookmarks, Preferences, Passwords, Autofill Profiles, Autofill, Typed URLs, Extensions, Sessions, Extension settings, History Delete Directives, Device Info, User Consents, Send Tab To Self, Web Apps, Collection, Edge E Drop, Edge Hub App Usage, Edge Tab Group, Edge Wallet, Encryption Keys}
{"logTime": "1008/035232", "correlationVector":"Lp/tnx2GZarafEVGYDI+ii.1","action":"SyncServerConnectionManagerRequest", "result":"SYNC_SERVER_OK", "context":{"environment":"Prod_SoutheastAsia_000j", "migrationStage":"NotStarted", "server":"GENERAL0100001B"}}
{"logTime": "1008/035232", "correlationVector":"Lp/tnx2GZarafEVGYDI+ii.2","action":"GetUpdates", "result":"DeleteReceived", "context":{"id":"4e1ad55e-14c3-41e9-9ce3-db7a970db20b", "isDeleted:":"true", "version":"1727736578774"}}
{"logTime": "1008/035232", "correlationVector":"Lp/tnx2GZarafEVGYDI+ii.3","action":"GetUpdates", "result":"DeleteReceived", "context":{"id":"48f7e510-32ac-4d08-b7d0-e0207af52e6a", "isDeleted:":"true", "version":"1727742516960"}}
{"logTime": "1008/035232", "correlationVector":"Lp/tnx2GZarafEVGYDI+ii.4","action":"GetUpdates", "result":"DeleteReceived", "context":{"id":"2c9af513-85b2-4357-b914-941197e3625b", "isDeleted:":"true", "version":"1727747976970"}}
{"logTime": "1008/035232", "correlationVector":"Lp/tnx2GZarafEVGYDI+ii.5","action":"GetUpdates", "result":"DeleteReceived", "context":{"id":"85611dcc-19a4-4115-b85c-2ac947ef7d8b", "isDeleted:":"true", "version":"1727747976972"}}
{"logTime": "1008/035232", "correlationVector":"Lp/tnx2GZarafEVGYDI+ii.6","action":"GetUpdates", "result":"DeleteReceived", "context":{"id":"1c125ed5-b8c6-4ce3-acc1-ad17ad9d51ab", "isDeleted:":"true", "version":"1727747976973"}}
{"logTime": "1008/035232", "correlationVector":"Lp/tnx2GZarafEVGYDI+ii.7","action":"GetUpdates", "result":"DeleteReceived", "context":{"id":"2e434de0-6e2a-4240-9d1b-6bc91eb9a023", "isDeleted:":"true", "version":"1727747976974"}}
{"logTime": "1008/035232", "correlationVector":"Lp/tnx2GZarafEVGYDI+ii.8","action":"GetUpdates", "result":"DeleteReceived", "context":{"id":"1cbcede3-7006-439f-95b5-292544bfcc61", "isDeleted:":"true", "version":"1727750341558"}}
{"logTime": "1008/035232", "correlationVector":"Lp/tnx2GZarafEVGYDI+ii.9","action":"GetUpdates", "result":"DeleteReceived", "context":{"id":"c4f5454d-012f-4376-ac06-50f2418c281f", "isDeleted:":"true", "version":"1727750933771"}}
{"logTime": "1008/035232", "correlationVector":"Lp/tnx2GZarafEVGYDI+ii.10","action":"GetUpdates", "result":"DeleteReceived", "context":{"id":"728b613f-9e9c-4677-9805-de97efe63acb", "isDeleted:":"true", "version":"1727750933774"}}
{"logTime": "1008/035232", "correlationVector":"Lp/tnx2GZarafEVGYDI+ii.11","action":"GetUpdates", "result":"DeleteReceived", "context":{"id":"9f475fe6-8b1e-461d-a591-3300837a1925", "isDeleted:":"true", "version":"1727751017806"}}
{"logTime": "1008/035232", "correlationVector":"Lp/tnx2GZarafEVGYDI+ii.12","action":"GetUpdates", "result":"DeleteReceived", "context":{"id":"461a1152-ef8d-4cea-9a94-3cc454ebb71d", "isDeleted:":"true", "version":"1727751800484"}}
{"logTime": "1008/035232", "correlationVector":"Lp/tnx2GZarafEVGYDI+ii.13","action":"GetUpdates", "result":"DeleteReceived", "context":{"id":"2de3e9b5-4d4e-42ea-a19b-51b511e45d3b", "isDeleted:":"true", "version":"1727751800486"}}
{"logTime": "1008/035232", "correlationVector":"Lp/tnx2GZarafEVGYDI+ii.14","action":"GetUpdates", "result":"DeleteReceived", "context":{"id":"c2baddf9-4393-4b9e-bd50-d9fd24c0ba58", "isDeleted:":"true", "version":"1727753043343"}}
{"logTime": "1008/035232", "correlationVector":"Lp/tnx2GZarafEVGYDI+ii.15","action":"GetUpdates", "result":"DeleteReceived", "context":{"id":"2b5a5212-8cf3-4942-a55f-eaf5ae7b0464", "isDeleted:":"true", "version":"1727753043344"}}
{"logTime": "1008/035232", "correlationVector":"Lp/tnx2GZarafEVGYDI+ii.16","action":"GetUpdates", "result":"DeleteReceived", "context":{"id":"25b3907b-8f93-45f1-8090-d95a264936f0", "isDeleted:":"true", "version":"1727753043347"}}
{"logTime": "1008/035232", "correlationVector":"Lp/tnx2GZarafEVGYDI+ii.17","action":"GetUpdates", "result":"DeleteReceived", "context":{"id":"3ece2919-3ad6-436a-b956-d9563252a39b", "isDeleted:":"true", "version":"1727753043348"}}
{"logTime": "1008/035232", "correlationVector":"Lp/tnx2GZarafEVGYDI+ii.18","action":"GetUpdates", "result":"DeleteReceived", "context":{"id":"60944056-e3f0-4466-8b8c-e1adad1c9c77", "isDeleted:":"true", "version":"1727753043349"}}
{"logTime": "1008/035232", "correlationVector":"Lp/tnx2GZarafEVGYDI+ii.19","action":"GetUpdates", "result":"DeleteReceived", "context":{"id":"ff9655ac-23e1-4058-8f85-6a06d1b65cba", "isDeleted:":"true", "version":"1727753043350"}}
{"logTime": "1008/035232", "correlationVector":"Lp/tnx2GZarafEVGYDI+ii.20","action":"GetUpdates", "result":"DeleteReceived", "context":{"id":"59578d76-998b-4a72-8480-798ab0396af3", "isDeleted:":"true", "version":"1727754143429"}}
{"logTime": "1008/035232", "correlationVector":"Lp/tnx2GZarafEVGYDI+ii.21","action":"GetUpdates", "result":"DeleteReceived", "context":{"id":"4632d072-cc7b-4c84-9c2c-21a68be31c22", "isDeleted:":"true", "version":"1727759535215"}}
{"logTime": "1008/035232", "correlationVector":"Lp/tnx2GZarafEVGYDI+ii.22","action":"GetUpdates", "result":"DeleteReceived", "context":{"id":"6d8b2b65-8f04-4c61-91f0-d011bd21d77c", "isDeleted:":"true", "version":"1727759653373"}}
{"logTime": "1008/035232", "correlationVector":"Lp/tnx2GZarafEVGYDI+ii.23","action":"GetUpdates", "result":"DeleteReceived", "context":{"id":"06cb2da7-0298-484b-9cb0-57e1a3808c1a", "isDeleted:":"true", "version":"1727759653374"}}
{"logTime": "1008/035232", "correlationVector":"Lp/tnx2GZarafEVGYDI+ii.24","action":"GetUpdates", "result":"DeleteReceived", "context":{"id":"01dc4d1f-4e8c-40d7-8b08-638dac6dc1f5", "isDeleted:":"true", "version":"1727759808726"}}
{"logTime": "1008/035232", "correlationVector":"Lp/tnx2GZarafEVGYDI+ii.25","action":"GetUpdates", "result":"DeleteReceived", "context":{"id":"37db73d6-d622-4a50-8f29-3f82f8ae4aa5", "isDeleted:":"true", "version":"1727759896468"}}
{"logTime": "1008/035232", "correlationVector":"Lp/tnx2GZarafEVGYDI+ii.26","action":"GetUpdates", "result":"DeleteReceived", "context":{"id":"bbb0c85c-8e2c-401e-bcbb-795349638bf1", "isDeleted:":"true", "version":"1727760009267"}}
{"logTime": "1008/035232", "correlationVector":"Lp/tnx2GZarafEVGYDI+ii.27","action":"GetUpdates", "result":"DeleteReceived", "context":{"id":"3db1f865-94f3-4568-b1c4-bf90044485a9", "isDeleted:":"true", "version":"1727761817788"}}
{"logTime": "1008/035232", "correlationVector":"Lp/tnx2GZarafEVGYDI+ii.28","action":"GetUpdates", "result":"DeleteReceived", "context":{"id":"b808986b-1c36-4458-8af7-a7ee0c56bcde", "isDeleted:":"true", "version":"1727761817792"}}
{"logTime": "1008/035232", "correlationVector":"Lp/tnx2GZarafEVGYDI+ii.29","action":"GetUpdates", "result":"DeleteReceived", "context":{"id":"7de47af7-b90a-403f-b85e-37f7cf85a7c1", "isDeleted:":"true", "version":"1727762579118"}}
{"logTime": "1008/035232", "correlationVector":"Lp/tnx2GZarafEVGYDI+ii.30","action":"GetUpdates", "result":"DeleteReceived", "context":{"id":"e3586aa4-999e-4e0a-ad48-3e520eea90d3", "isDeleted:":"true", "version":"1727762625538"}}
{"logTime": "1008/035232", "correlationVector":"Lp/tnx2GZarafEVGYDI+ii.31","action":"GetUpdates", "result":"DeleteReceived", "context":{"id":"a78f770f-e78a-41ee-ab70-2492453f57c6", "isDeleted:":"true", "version":"1727764041685"}}
{"logTime": "1008/035232", "correlationVector":"Lp/tnx2GZarafEVGYDI+ii.32","action":"GetUpdates", "result":"DeleteReceived", "context":{"id":"5e354ccd-1bf0-4425-a3c6-79fcd3e78fdc", "isDeleted:":"true", "version":"1727770966475"}}
{"logTime": "1008/035232", "correlationVector":"Lp/tnx2GZarafEVGYDI+ii.33","action":"GetUpdates", "result":"DeleteReceived", "context":{"id":"e200b98f-7cfa-46f2-a3e2-777d6004c0f2", "isDeleted:":"true", "version":"1727770966476"}}
{"logTime": "1008/035232", "correlationVector":"Lp/tnx2GZarafEVGYDI+ii.34","action":"GetUpdates", "result":"DeleteReceived", "context":{"id":"d0a13653-a2cf-4e81-a3d3-6ef8b21d875b", "isDeleted:":"true", "version":"1727770966478"}}
{"logTime": "1008/035232", "correlationVector":"Lp/tnx2GZarafEVGYDI+ii.35","action":"GetUpdates", "result":"DeleteReceived", "context":{"id":"275b3341-255a-43d7-b207-f2444a027c1d", "isDeleted:":"true", "version":"1727771279665"}}
{"logTime": "1008/035232", "correlationVector":"Lp/tnx2GZarafEVGYDI+ii.36","action":"GetUpdates", "result":"DeleteReceived", "context":{"id":"9ac063d4-236f-4665-b56e-51800687ef97", "isDeleted:":"true", "version":"1727771279667"}}
{"logTime": "1008/035232", "correlationVector":"Lp/tnx2GZarafEVGYDI+ii.37","action":"GetUpdates", "result":"DeleteReceived", "context":{"id":"255e478c-8fb9-4a9c-944e-5e928a2b8367", "isDeleted:":"true", "version":"1727771279668"}}
{"logTime": "1008/035232", "correlationVector":"Lp/tnx2GZarafEVGYDI+ii.38","action":"GetUpdates", "result":"DeleteReceived", "context":{"id":"39a21b29-b3d7-478e-85db-6027ced9419d", "isDeleted:":"true", "version":"1727818095745"}}
{"logTime": "1008/035232", "correlationVector":"Lp/tnx2GZarafEVGYDI+ii.39","action":"GetUpdates", "result":"DeleteReceived", "context":{"id":"83eb87e4-4fd7-4450-922d-1662b5f97dc6", "isDeleted:":"true", "version":"1727818115210"}}
{"logTime": "1008/035232", "correlationVector":"Lp/tnx2GZarafEVGYDI+ii.40","action":"GetUpdates", "result":"DeleteReceived", "context":{"id":"717cb59d-5917-449e-a591-87b81a8fe19b", "isDeleted:":"true", "version":"1727818115213"}}
{"logTime": "1008/035232", "correlationVector":"Lp/tnx2GZarafEVGYDI+ii.41","action":"GetUpdates", "result":"DeleteReceived", "context":{"id":"653563d8-da83-4956-ac7a-b24db291c47b", "isDeleted:":"true", "version":"1727818115214"}}
{"logTime": "1008/035232", "correlationVector":"Lp/tnx2GZarafEVGYDI+ii.42","action":"GetUpdates", "result":"DeleteReceived", "context":{"id":"38d3c875-6f7b-4ce0-b826-e7e278c6f868", "isDeleted:":"true", "version":"1727818145746"}}
{"logTime": "1008/035232", "correlationVector":"Lp/tnx2GZarafEVGYDI+ii.43","action":"GetUpdates", "result":"DeleteReceived", "context":{"id":"8ee04209-55e4-4696-ad02-66395fdd82e1", "isDeleted:":"true", "version":"1727818145747"}}
{"logTime": "1008/035232", "correlationVector":"Lp/tnx2GZarafEVGYDI+ii.44","action":"GetUpdates", "result":"DeleteReceived", "context":{"id":"5dcfe117-7ee6-4021-8b6e-8901009e3e71", "isDeleted:":"true", "version":"1727818145749"}}
{"logTime": "1008/035232", "correlationVector":"Lp/tnx2GZarafEVGYDI+ii.45","action":"GetUpdates", "result":"DeleteReceived", "context":{"id":"39ed4377-2165-47c4-96f1-a12a6b4f6bff", "isDeleted:":"true", "version":"1727820194546"}}
{"logTime": "1008/035232", "correlationVector":"Lp/tnx2GZarafEVGYDI+ii.46","action":"GetUpdates", "result":"DeleteReceived", "context":{"id":"78054b4e-adb4-4244-acaf-aab3039ebe5c", "isDeleted:":"true", "version":"1727822540888"}}
{"logTime": "1008/035232", "correlationVector":"Lp/tnx2GZarafEVGYDI+ii.47","action":"GetUpdates", "result":"DeleteReceived", "context":{"id":"bdb6e5a8-6c69-4ad8-8101-32a3c197dfdb", "isDeleted:":"true", "version":"1727822540890"}}
{"logTime": "1008/035232", "correlationVector":"Lp/tnx2GZarafEVGYDI+ii.48","action":"GetUpdates", "result":"DeleteReceived", "context":{"id":"885a189c-c6df-4b69-b0ef-2e21e413e5b8", "isDeleted:":"true", "version":"1727826825360"}}
{"logTime": "1008/035232", "correlationVector":"Lp/tnx2GZarafEVGYDI+ii.49","action":"GetUpdates", "result":"DeleteReceived", "context":{"id":"c990f598-9069-4fb3-8226-f5f381633bec", "isDeleted:":"true", "version":"1727826825362"}}
{"logTime": "1008/035232", "correlationVector":"Lp/tnx2GZarafEVGYDI+ii.50","action":"GetUpdates", "result":"DeleteReceived", "context":{"id":"238e18fd-5c78-4d2d-b147-424f11e6976d", "isDeleted:":"true", "version":"1727827046261"}}
{"logTime": "1008/035232", "correlationVector":"Lp/tnx2GZarafEVGYDI+ii.51","action":"GetUpdates", "result":"DeleteReceived", "context":{"id":"74153fe7-d914-42f9-aa67-a054d6036231", "isDeleted:":"true", "version":"1727827046263"}}
{"logTime": "1008/035232", "correlationVector":"Lp/tnx2GZarafEVGYDI+ii.52","action":"GetUpdates", "result":"DeleteReceived", "context":{"id":"ff843f14-dae0-4d3e-89b5-7ba16660aee7", "isDeleted:":"true", "version":"1727830092343"}}
{"logTime": "1008/035232", "correlationVector":"Lp/tnx2GZarafEVGYDI+ii.53","action":"GetUpdates", "result":"DeleteReceived", "context":{"id":"d58967eb-e412-4abd-8d0f-3fbe78666f43", "isDeleted:":"true", "version":"1727830225926"}}
{"logTime": "1008/035232", "correlationVector":"Lp/tnx2GZarafEVGYDI+ii.54","action":"GetUpdates", "result":"DeleteReceived", "context":{"id":"e8b9d23f-389c-4a70-a663-a199b525cf4b", "isDeleted:":"true", "version":"1727831165064"}}
{"logTime": "1008/035232", "correlationVector":"Lp/tnx2GZarafEVGYDI+ii.55","action":"GetUpdates", "result":"DeleteReceived", "context":{"id":"4d1ab9e3-cbef-4e7a-8709-a4c0e88cb41f", "isDeleted:":"true", "version":"1727831843844"}}
{"logTime": "1008/035232", "correlationVector":"Lp/tnx2GZarafEVGYDI+ii.56","action":"GetUpdates", "result":"DeleteReceived", "context":{"id":"077e83f6-829d-4bf1-a819-b3afd2c9c6ba", "isDeleted:":"true", "version":"1727832572209"}}
{"logTime": "1008/035232", "correlationVector":"Lp/tnx2GZarafEVGYDI+ii.57","action":"GetUpdates", "result":"DeleteReceived", "context":{"id":"6323c659-0225-49a8-ae9e-ce6e6d1e4a38", "isDeleted:":"true", "version":"1727832772162"}}
{"logTime": "1008/035232", "correlationVector":"Lp/tnx2GZarafEVGYDI+ii.58","action":"GetUpdates", "result":"DeleteReceived", "context":{"id":"833feb0f-a8ac-4b03-b27c-183e1dc26d1e", "isDeleted:":"true", "version":"1727832828062"}}
{"logTime": "1008/035232", "correlationVector":"Lp/tnx2GZarafEVGYDI+ii.59","action":"GetUpdates", "result":"DeleteReceived", "context":{"id":"becf4026-01d0-48f9-a49d-e4dc94b706f1", "isDeleted:":"true", "version":"1727833318578"}}
{"logTime": "1008/035232", "correlationVector":"Lp/tnx2GZarafEVGYDI+ii.60","action":"GetUpdates", "result":"DeleteReceived", "context":{"id":"1b7c7976-f869-482c-9011-8dbe613354f1", "isDeleted:":"true", "version":"1727833318579"}}
{"logTime": "1008/035232", "correlationVector":"Lp/tnx2GZarafEVGYDI+ii.61","action":"GetUpdates", "result":"DeleteReceived", "context":{"id":"8c22787e-06cc-4c4f-b581-b886e9d9d43a", "isDeleted:":"true", "version":"1727833318581"}}
{"logTime": "1008/035232", "correlationVector":"Lp/tnx2GZarafEVGYDI+ii.62","action":"GetUpdates", "result":"DeleteReceived", "context":{"id":"01c5aa12-cd95-40c2-b053-59a254d5ae37", "isDeleted:":"true", "version":"1727853277517"}}
{"logTime": "1008/035232", "correlationVector":"Lp/tnx2GZarafEVGYDI+ii.63","action":"GetUpdates", "result":"DeleteReceived", "context":{"id":"2db56454-5005-4ab2-b790-674998f20361", "isDeleted:":"true", "version":"1727853277518"}}
{"logTime": "1008/035232", "correlationVector":"Lp/tnx2GZarafEVGYDI+ii.64","action":"GetUpdates", "result":"DeleteReceived", "context":{"id":"5b3b5923-4b4b-4ace-bdda-a1451395df49", "isDeleted:":"true", "version":"1727853277520"}}
{"logTime": "1008/035232", "correlationVector":"Lp/tnx2GZarafEVGYDI+ii.65","action":"GetUpdates", "result":"DeleteReceived", "context":{"id":"01637cc0-0c34-4d0d-a844-ce2f078d3d05", "isDeleted:":"true", "version":"1727853277521"}}
{"logTime": "1008/035232", "correlationVector":"Lp/tnx2GZarafEVGYDI+ii.66","action":"GetUpdates", "result":"DeleteReceived", "context":{"id":"883947a7-df54-4db5-a52d-13c375a688ca", "isDeleted:":"true", "version":"1727854623490"}}
{"logTime": "1008/035232", "correlationVector":"Lp/tnx2GZarafEVGYDI+ii.67","action":"GetUpdates", "result":"DeleteReceived", "context":{"id":"0c4dbd40-14a0-4e5f-91ea-7147818675b1", "isDeleted:":"true", "version":"1727854623491"}}
{"logTime": "1008/035232", "correlationVector":"Lp/tnx2GZarafEVGYDI+ii.68","action":"GetUpdates", "result":"DeleteReceived", "context":{"id":"d97f88df-22c7-45f0-aed9-9c30c6bd99d3", "isDeleted:":"true", "version":"1727854623492"}}
{"logTime": "1008/035232", "correlationVector":"Lp/tnx2GZarafEVGYDI+ii.69","action":"GetUpdates", "result":"DeleteReceived", "context":{"id":"16c7394d-19d3-4602-8865-974117b34eb1", "isDeleted:":"true", "version":"1727854868687"}}
{"logTime": "1008/035232", "correlationVector":"Lp/tnx2GZarafEVGYDI+ii.70","action":"GetUpdates", "result":"DeleteReceived", "context":{"id":"dc77ea84-e809-4773-8330-4f9f653e81ff", "isDeleted:":"true", "version":"1727856173001"}}
{"logTime": "1008/035232", "correlationVector":"Lp/tnx2GZarafEVGYDI+ii.71","action":"GetUpdates", "result":"DeleteReceived", "context":{"id":"94b18778-1a81-4fe9-b324-626749136d4c", "isDeleted:":"true", "version":"1727856911433"}}
{"logTime": "1008/035232", "correlationVector":"Lp/tnx2GZarafEVGYDI+ii.72","action":"GetUpdates", "result":"DeleteReceived", "context":{"id":"cadd7690-fe95-49e6-af0e-a3c21fc7105d", "isDeleted:":"true", "version":"1727859301859"}}
{"logTime": "1008/035232", "correlationVector":"Lp/tnx2GZarafEVGYDI+ii.73","action":"GetUpdates", "result":"DeleteReceived", "context":{"id":"8b0e75cd-6f76-4b6b-a709-a91caa6ead74", "isDeleted:":"true", "version":"1727860012399"}}
{"logTime": "1008/035232", "correlationVector":"Lp/tnx2GZarafEVGYDI+ii.74","action":"GetUpdates", "result":"DeleteReceived", "context":{"id":"34c94ec9-6397-46c2-ae22-8a2eb45fafe7", "isDeleted:":"true", "version":"1727862434543"}}
{"logTime": "1008/035232", "correlationVector":"Lp/tnx2GZarafEVGYDI+ii.75","action":"GetUpdates", "result":"DeleteReceived", "context":{"id":"d08a8af5-b80f-4c1c-9b69-8c5b674aca2a", "isDeleted:":"true", "version":"1727862849268"}}
{"logTime": "1008/035232", "correlationVector":"Lp/tnx2GZarafEVGYDI+ii.76","action":"GetUpdates", "result":"DeleteReceived", "context":{"id":"94603dc5-1de3-4c98-8814-181dee0426c0", "isDeleted:":"true", "version":"1727862849269"}}
{"logTime": "1008/035232", "correlationVector":"Lp/tnx2GZarafEVGYDI+ii.77","action":"GetUpdates", "result":"DeleteReceived", "context":{"id":"91af85a7-5e2c-41cb-93de-f348889e9660", "isDeleted:":"true", "version":"1727934910646"}}
{"logTime": "1008/035232", "correlationVector":"Lp/tnx2GZarafEVGYDI+ii.78","action":"GetUpdates", "result":"DeleteReceived", "context":{"id":"5429b397-a83c-4cd6-9a09-c63b4b825f82", "isDeleted:":"true", "version":"1727934910647"}}
{"logTime": "1008/035232", "correlationVector":"Lp/tnx2GZarafEVGYDI+ii.79","action":"GetUpdates", "result":"DeleteReceived", "context":{"id":"a7b5cd3d-5fe5-47b4-a475-4a1adf267099", "isDeleted:":"true", "version":"1727934910648"}}
{"logTime": "1008/035232", "correlationVector":"Lp/tnx2GZarafEVGYDI+ii.80","action":"GetUpdates", "result":"DeleteReceived", "context":{"id":"83d4604c-8b87-4816-85eb-f9eaf349ea8c", "isDeleted:":"true", "version":"1727934910649"}}
{"logTime": "1008/035232", "correlationVector":"Lp/tnx2GZarafEVGYDI+ii.81","action":"GetUpdates", "result":"DeleteReceived", "context":{"id":"5c104c8b-34c2-4b70-828c-9e9428d9dd3e", "isDeleted:":"true", "version":"1727934910650"}}
{"logTime": "1008/035232", "correlationVector":"Lp/tnx2GZarafEVGYDI+ii.82","action":"GetUpdates", "result":"DeleteReceived", "context":{"id":"ab985ce0-4ad9-45f9-afe0-f38aae952eb9", "isDeleted:":"true", "version":"1727934910651"}}
{"logTime": "1008/035232", "correlationVector":"Lp/tnx2GZarafEVGYDI+ii.83","action":"GetUpdates", "result":"DeleteReceived", "context":{"id":"afad336d-afb2-400c-86be-2aa0825198c1", "isDeleted:":"true", "version":"1727934910652"}}
{"logTime": "1008/035232", "correlationVector":"Lp/tnx2GZarafEVGYDI+ii.84","action":"GetUpdates", "result":"DeleteReceived", "context":{"id":"2f172617-b541-4e0f-83fc-10a0dd4a4d77", "isDeleted:":"true", "version":"1727934910653"}}
{"logTime": "1008/035232", "correlationVector":"Lp/tnx2GZarafEVGYDI+ii.85","action":"GetUpdates", "result":"DeleteReceived", "context":{"id":"64d06f14-e112-4c04-be00-874ba12164f8", "isDeleted:":"true", "version":"1727934910654"}}
{"logTime": "1008/035232", "correlationVector":"Lp/tnx2GZarafEVGYDI+ii.86","action":"GetUpdates", "result":"DeleteReceived", "context":{"id":"cf5c0e3c-06e9-422a-8de1-32facacf2d95", "isDeleted:":"true", "version":"1727934910656"}}
{"logTime": "1008/035232", "correlationVector":"Lp/tnx2GZarafEVGYDI+ii.87","action":"GetUpdates", "result":"DeleteReceived", "context":{"id":"1a31a05c-773d-4c62-a970-d1e7460fb359", "isDeleted:":"true", "version":"1727934910657"}}
{"logTime": "1008/035232", "correlationVector":"Lp/tnx2GZarafEVGYDI+ii.88","action":"GetUpdates", "result":"DeleteReceived", "context":{"id":"4e42e97f-a736-4faf-8268-17e64991055d", "isDeleted:":"true", "version":"1727934910658"}}
{"logTime": "1008/035232", "correlationVector":"Lp/tnx2GZarafEVGYDI+ii.89","action":"GetUpdates", "result":"DeleteReceived", "context":{"id":"ba40c336-6d7b-4974-bb9b-2b810cb19e58", "isDeleted:":"true", "version":"1727934910659"}}
{"logTime": "1008/035232", "correlationVector":"Lp/tnx2GZarafEVGYDI+ii.90","action":"GetUpdates", "result":"DeleteReceived", "context":{"id":"8b71efbd-8a4d-4164-8723-e8c8ede65c72", "isDeleted:":"true", "version":"1727934910660"}}
{"logTime": "1008/035232", "correlationVector":"Lp/tnx2GZarafEVGYDI+ii.91","action":"GetUpdates", "result":"DeleteReceived", "context":{"id":"fa604662-2853-4310-ab12-2a9e1b672acd", "isDeleted:":"true", "version":"1727937599957"}}
{"logTime": "1008/035232", "correlationVector":"Lp/tnx2GZarafEVGYDI+ii.92","action":"GetUpdates", "result":"DeleteReceived", "context":{"id":"a9868682-56c9-42f2-9693-e9d9be6a3138", "isDeleted:":"true", "version":"1727937599958"}}
{"logTime": "1008/035232", "correlationVector":"Lp/tnx2GZarafEVGYDI+ii.93","action":"GetUpdates", "result":"DeleteReceived", "context":{"id":"8cbbd02a-db42-4e16-9210-f859600fb4ff", "isDeleted:":"true", "version":"1727937599959"}}
{"logTime": "1008/035232", "correlationVector":"Lp/tnx2GZarafEVGYDI+ii.94","action":"GetUpdates", "result":"DeleteReceived", "context":{"id":"93a3e9e5-148b-44dc-87ff-a1a759044768", "isDeleted:":"true", "version":"1727937599960"}}
{"logTime": "1008/035232", "correlationVector":"Lp/tnx2GZarafEVGYDI+ii.95","action":"GetUpdates", "result":"DeleteReceived", "context":{"id":"38e97544-8898-456c-a2f3-4a8fbd7805da", "isDeleted:":"true", "version":"1727940084354"}}
{"logTime": "1008/035232", "correlationVector":"Lp/tnx2GZarafEVGYDI+ii.96","action":"GetUpdates", "result":"DeleteReceived", "context":{"id":"8e7c99cd-21ac-4035-9a37-c04ccab639b6", "isDeleted:":"true", "version":"1727940084355"}}
{"logTime": "1008/035232", "correlationVector":"Lp/tnx2GZarafEVGYDI+ii.97","action":"GetUpdates", "result":"DeleteReceived", "context":{"id":"34e3b295-21b9-4ca6-82a0-7e050ec66c85", "isDeleted:":"true", "version":"1727940278684"}}
{"logTime": "1008/035232", "correlationVector":"Lp/tnx2GZarafEVGYDI+ii.98","action":"GetUpdates", "result":"DeleteReceived", "context":{"id":"00c7f556-d1b0-4231-a4cb-0223d80696b2", "isDeleted:":"true", "version":"1727942078221"}}
{"logTime": "1008/035232", "correlationVector":"Lp/tnx2GZarafEVGYDI+ii.99","action":"GetUpdates", "result":"DeleteReceived", "context":{"id":"16e2979c-7573-4b65-9418-f60fdfb324ff", "isDeleted:":"true", "version":"1727942160725"}}
{"logTime": "1008/035232", "correlationVector":"Lp/tnx2GZarafEVGYDI+ii.100","action":"GetUpdates", "result":"DeleteReceived", "context":{"id":"2455c82b-e65e-4e4f-91ef-c9203dea0419", "isDeleted:":"true", "version":"1727942160726"}}
{"logTime": "1008/035232", "correlationVector":"Lp/tnx2GZarafEVGYDI+ii.101","action":"GetUpdates", "result":"DeleteReceived", "context":{"id":"f20ced62-2443-4d85-b738-8629c851dac8", "isDeleted:":"true", "version":"1727942160727"}}
{"logTime": "1008/035232", "correlationVector":"Lp/tnx2GZarafEVGYDI+ii.102","action":"GetUpdates", "result":"DeleteReceived", "context":{"id":"1d629a39-a907-4526-a52e-36c0cd05e1e7", "isDeleted:":"true", "version":"1727942836071"}}
{"logTime": "1008/035232", "correlationVector":"Lp/tnx2GZarafEVGYDI+ii.103","action":"GetUpdates", "result":"DeleteReceived", "context":{"id":"e3bcdbf7-74cd-45af-afc7-fd360d587c6a", "isDeleted:":"true", "version":"1727946872735"}}
{"logTime": "1008/035232", "correlationVector":"Lp/tnx2GZarafEVGYDI+ii.104","action":"GetUpdates", "result":"DeleteReceived", "context":{"id":"24351df4-75e2-4a18-ab45-b11d367bcf0c", "isDeleted:":"true", "version":"1727946872736"}}
{"logTime": "1008/035232", "correlationVector":"Lp/tnx2GZarafEVGYDI+ii.105","action":"GetUpdates", "result":"DeleteReceived", "context":{"id":"ca9482b8-a19b-44eb-9917-d0a5e727d9ec", "isDeleted:":"true", "version":"1727946872737"}}
{"logTime": "1008/035232", "correlationVector":"Lp/tnx2GZarafEVGYDI+ii.106","action":"GetUpdates", "result":"DeleteReceived", "context":{"id":"b0b75e61-f33d-443f-81aa-639776fc27c8", "isDeleted:":"true", "version":"1727946872738"}}
{"logTime": "1008/035232", "correlationVector":"Lp/tnx2GZarafEVGYDI+ii.107","action":"GetUpdates", "result":"DeleteReceived", "context":{"id":"f3e7113a-8a20-46e8-8f99-a6fc941d9eb9", "isDeleted:":"true", "version":"1727946872739"}}
{"logTime": "1008/035232", "correlationVector":"Lp/tnx2GZarafEVGYDI+ii.108","action":"GetUpdates", "result":"DeleteReceived", "context":{"id":"3b254649-96dc-4e26-afca-9a17ab183c62", "isDeleted:":"true", "version":"1727946872741"}}
{"logTime": "1008/035232", "correlationVector":"Lp/tnx2GZarafEVGYDI+ii.109","action":"GetUpdates", "result":"DeleteReceived", "context":{"id":"8f69ab0d-d0c1-48ce-a2b1-221432b46ee3", "isDeleted:":"true", "version":"1727946872743"}}
{"logTime": "1008/035232", "correlationVector":"Lp/tnx2GZarafEVGYDI+ii.110","action":"GetUpdates", "result":"DeleteReceived", "context":{"id":"2dcd3630-7a82-4645-aeea-ecf7bde8f1ac", "isDeleted:":"true", "version":"1727946872744"}}
{"logTime": "1008/035232", "correlationVector":"Lp/tnx2GZarafEVGYDI+ii.111","action":"GetUpdates", "result":"DeleteReceived", "context":{"id":"19443362-79ef-4e04-afb8-48dceddcf456", "isDeleted:":"true", "version":"1727946872745"}}
{"logTime": "1008/035232", "correlationVector":"Lp/tnx2GZarafEVGYDI+ii.112","action":"GetUpdates", "result":"DeleteReceived", "context":{"id":"2ba72dde-ebd4-4c4d-965c-0e822e705c42", "isDeleted:":"true", "version":"1727959059154"}}
{"logTime": "1008/035232", "correlationVector":"Lp/tnx2GZarafEVGYDI+ii.113","action":"GetUpdates", "result":"DeleteReceived", "context":{"id":"25a635e4-8f0b-4e63-ac0c-59a0c72ddfc1", "isDeleted:":"true", "version":"1727959540036"}}
{"logTime": "1008/035232", "correlationVector":"Lp/tnx2GZarafEVGYDI+ii.114","action":"GetUpdates", "result":"DeleteReceived", "context":{"id":"2818d0d1-67f7-4621-814d-62c353301f24", "isDeleted:":"true", "version":"1727960002571"}}
{"logTime": "1008/035232", "correlationVector":"Lp/tnx2GZarafEVGYDI+ii.115","action":"GetUpdates", "result":"DeleteReceived", "context":{"id":"437a94ab-8f97-4578-af27-e29978e00a6d", "isDeleted:":"true", "version":"1727960002573"}}
{"logTime": "1008/035232", "correlationVector":"Lp/tnx2GZarafEVGYDI+ii.116","action":"GetUpdates", "result":"DeleteReceived", "context":{"id":"0819bf70-0faa-45c6-8a2d-c1081b5887cd", "isDeleted:":"true", "version":"1727960146249"}}
{"logTime": "1008/035232", "correlationVector":"Lp/tnx2GZarafEVGYDI+ii.117","action":"GetUpdates", "result":"DeleteReceived", "context":{"id":"6612ce72-7b4f-41ff-9031-cfab68988d8a", "isDeleted:":"true", "version":"1727960295229"}}
{"logTime": "1008/035232", "correlationVector":"Lp/tnx2GZarafEVGYDI+ii.118","action":"GetUpdates", "result":"DeleteReceived", "context":{"id":"1889f3d4-3164-4728-8741-85585680de32", "isDeleted:":"true", "version":"1727960397548"}}
{"logTime": "1008/035232", "correlationVector":"Lp/tnx2GZarafEVGYDI+ii.119","action":"GetUpdates", "result":"DeleteReceived", "context":{"id":"eaef8c5e-3c72-4515-8fc5-700d8a184e71", "isDeleted:":"true", "version":"1727960397549"}}
{"logTime": "1008/035232", "correlationVector":"Lp/tnx2GZarafEVGYDI+ii.120","action":"GetUpdates", "result":"DeleteReceived", "context":{"id":"0dd0613f-4501-43de-bba9-45e3a34c4c01", "isDeleted:":"true", "version":"1727960397550"}}
{"logTime": "1008/035232", "correlationVector":"Lp/tnx2GZarafEVGYDI+ii.121","action":"GetUpdates", "result":"DeleteReceived", "context":{"id":"64950ea1-751a-4714-82b0-3db46bc3e322", "isDeleted:":"true", "version":"1727960830667"}}
{"logTime": "1008/035232", "correlationVector":"Lp/tnx2GZarafEVGYDI+ii.122","action":"GetUpdates", "result":"DeleteReceived", "context":{"id":"57e01646-cdfc-43b9-ac48-1e2329eb8b71", "isDeleted:":"true", "version":"1727963326068"}}
{"logTime": "1008/035232", "correlationVector":"Lp/tnx2GZarafEVGYDI+ii.123","action":"GetUpdates", "result":"DeleteReceived", "context":{"id":"fe704539-f987-4aa6-a239-e0d7872b07e9", "isDeleted:":"true", "version":"1727963439337"}}
{"logTime": "1008/035232", "correlationVector":"Lp/tnx2GZarafEVGYDI+ii.124","action":"GetUpdates", "result":"DeleteReceived", "context":{"id":"c34bfed9-0570-4098-8235-a31e9a4ddecf", "isDeleted:":"true", "version":"1727963439338"}}
{"logTime": "1008/035232", "correlationVector":"Lp/tnx2GZarafEVGYDI+ii.125","action":"GetUpdates", "result":"DeleteReceived", "context":{"id":"4fffc19c-6c28-4eae-aea9-f3b15839b4a0", "isDeleted:":"true", "version":"1727963439340"}}
{"logTime": "1008/035232", "correlationVector":"Lp/tnx2GZarafEVGYDI+ii.126","action":"GetUpdates", "result":"DeleteReceived", "context":{"id":"a831f857-3406-437f-8f18-f9395a7c9a5d", "isDeleted:":"true", "version":"1727963439341"}}
{"logTime": "1008/035232", "correlationVector":"Lp/tnx2GZarafEVGYDI+ii.127","action":"GetUpdates", "result":"DeleteReceived", "context":{"id":"7d7b905b-0c61-4275-b32c-e92b83689ebf", "isDeleted:":"true", "version":"1727963439342"}}
{"logTime": "1008/035232", "correlationVector":"Lp/tnx2GZarafEVGYDI+ii.128","action":"GetUpdates", "result":"DeleteReceived", "context":{"id":"a03b08d5-7238-4e58-bf19-3ae1fd26d80a", "isDeleted:":"true", "version":"1727973664536"}}
{"logTime": "1008/035232", "correlationVector":"Lp/tnx2GZarafEVGYDI+ii.129","action":"GetUpdates", "result":"DeleteReceived", "context":{"id":"d3c36ddc-9ddf-4e91-a4d8-acf8af97cf48", "isDeleted:":"true", "version":"1727973664539"}}
{"logTime": "1008/035232", "correlationVector":"Lp/tnx2GZarafEVGYDI+ii.130","action":"GetUpdates", "result":"DeleteReceived", "context":{"id":"15a71124-78ac-4164-b5c3-1e89867a19d1", "isDeleted:":"true", "version":"1727973664546"}}
{"logTime": "1008/035232", "correlationVector":"Lp/tnx2GZarafEVGYDI+ii.131","action":"GetUpdates", "result":"DeleteReceived", "context":{"id":"4db4dd87-bcae-4c74-bb36-0bd6e5e27311", "isDeleted:":"true", "version":"1727973664552"}}
{"logTime": "1008/035232", "correlationVector":"Lp/tnx2GZarafEVGYDI+ii.132","action":"GetUpdates", "result":"DeleteReceived", "context":{"id":"fa8003a2-c14c-4c9f-b609-70d80426a80f", "isDeleted:":"true", "version":"1727973695664"}}
{"logTime": "1008/035232", "correlationVector":"Lp/tnx2GZarafEVGYDI+ii.133","action":"GetUpdates", "result":"DeleteReceived", "context":{"id":"c9fe9ff7-0ef1-4427-bb8d-adf8fa9a5967", "isDeleted:":"true", "version":"1727973695665"}}
{"logTime": "1008/035232", "correlationVector":"Lp/tnx2GZarafEVGYDI+ii.134","action":"GetUpdates", "result":"DeleteReceived", "context":{"id":"8414f5be-50da-44c7-92f5-850758b35cf3", "isDeleted:":"true", "version":"1727973695666"}}
{"logTime": "1008/035232", "correlationVector":"Lp/tnx2GZarafEVGYDI+ii.135","action":"GetUpdates", "result":"DeleteReceived", "context":{"id":"1e698b77-8e22-4d82-bb54-eae57c00f3bd", "isDeleted:":"true", "version":"1727973695667"}}
{"logTime": "1008/035232", "correlationVector":"Lp/tnx2GZarafEVGYDI+ii.136","action":"GetUpdates", "result":"DeleteReceived", "context":{"id":"8f0ba78d-5c88-440b-9645-ca77d46c0b12", "isDeleted:":"true", "version":"1727973695668"}}
{"logTime": "1008/035232", "correlationVector":"Lp/tnx2GZarafEVGYDI+ii.137","action":"GetUpdates", "result":"DeleteReceived", "context":{"id":"b7dfabde-82c3-4b7a-9313-6ef89d2dfa47", "isDeleted:":"true", "version":"1727973695669"}}
{"logTime": "1008/035232", "correlationVector":"Lp/tnx2GZarafEVGYDI+ii.138","action":"GetUpdates", "result":"DeleteReceived", "context":{"id":"79d6d073-375e-448c-b152-a41ff924c38c", "isDeleted:":"true", "version":"1727973695671"}}
{"logTime": "1008/035232", "correlationVector":"Lp/tnx2GZarafEVGYDI+ii.139","action":"GetUpdates", "result":"DeleteReceived", "context":{"id":"4bcf34f4-20b2-45ed-b7d3-cc08f036e6ee", "isDeleted:":"true", "version":"1727973695672"}}
{"logTime": "1008/035232", "correlationVector":"Lp/tnx2GZarafEVGYDI+ii.140","action":"GetUpdates", "result":"DeleteReceived", "context":{"id":"b7be843a-efa0-4783-848c-4e9997a703ad", "isDeleted:":"true", "version":"1727973695673"}}
{"logTime": "1008/035232", "correlationVector":"Lp/tnx2GZarafEVGYDI+ii.141","action":"GetUpdates", "result":"DeleteReceived", "context":{"id":"c1564a3b-5c18-46a1-b6eb-f1c21502af31", "isDeleted:":"true", "version":"1727973695674"}}
{"logTime": "1008/035232", "correlationVector":"Lp/tnx2GZarafEVGYDI+ii.142","action":"GetUpdates", "result":"DeleteReceived", "context":{"id":"559722f0-61f9-4ff0-a174-de093464ecd3", "isDeleted:":"true", "version":"1727973695675"}}
{"logTime": "1008/035232", "correlationVector":"Lp/tnx2GZarafEVGYDI+ii.143","action":"GetUpdates", "result":"DeleteReceived", "context":{"id":"c7f8bf2b-d88b-4c26-bcb9-c6a2a39a7d9e", "isDeleted:":"true", "version":"1727973695676"}}
{"logTime": "1008/035232", "correlationVector":"Lp/tnx2GZarafEVGYDI+ii.144","action":"GetUpdates", "result":"DeleteReceived", "context":{"id":"3c14f57b-07e5-4908-9df6-23129e5736bc", "isDeleted:":"true", "version":"1727999338562"}}
{"logTime": "1008/035232", "correlationVector":"Lp/tnx2GZarafEVGYDI+ii.145","action":"GetUpdates", "result":"DeleteReceived", "context":{"id":"5d005c30-fe2e-4dfc-98b4-afff28088e5c", "isDeleted:":"true", "version":"1728000268014"}}
{"logTime": "1008/035232", "correlationVector":"Lp/tnx2GZarafEVGYDI+ii.146","action":"GetUpdates", "result":"DeleteReceived", "context":{"id":"08caf107-da87-4d95-b9b1-7f53ec75cddb", "isDeleted:":"true", "version":"1728000653261"}}
{"logTime": "1008/035232", "correlationVector":"Lp/tnx2GZarafEVGYDI+ii.147","action":"GetUpdates", "result":"DeleteReceived", "context":{"id":"62185543-f3dd-4cdc-af93-6355908856db", "isDeleted:":"true", "version":"1728000653263"}}
{"logTime": "1008/035232", "correlationVector":"Lp/tnx2GZarafEVGYDI+ii.148","action":"GetUpdates", "result":"DeleteReceived", "context":{"id":"35828424-019b-4c21-98d3-fabe22b765c4", "isDeleted:":"true", "version":"1728001396808"}}
{"logTime": "1008/035232", "correlationVector":"Lp/tnx2GZarafEVGYDI+ii.149","action":"GetUpdates", "result":"DeleteReceived", "context":{"id":"57c21832-8a67-4d19-af3b-7ccb1ce32327", "isDeleted:":"true", "version":"1728001396810"}}
{"logTime": "1008/035232", "correlationVector":"Lp/tnx2GZarafEVGYDI+ii.150","action":"GetUpdates", "result":"DeleteReceived", "context":{"id":"024fe1ef-3e49-4297-ad22-5cd463e3ac5c", "isDeleted:":"true", "version":"1728003490740"}}
{"logTime": "1008/035232", "correlationVector":"Lp/tnx2GZarafEVGYDI+ii.151","action":"GetUpdates", "result":"DeleteReceived", "context":{"id":"a6f49861-810c-4e78-9ab1-6596769bf25f", "isDeleted:":"true", "version":"1728003530737"}}
{"logTime": "1008/035232", "correlationVector":"Lp/tnx2GZarafEVGYDI+ii.152","action":"GetUpdates", "result":"DeleteReceived", "context":{"id":"79c95b5f-84e6-425b-b717-09547c12d43f", "isDeleted:":"true", "version":"1728003826408"}}
{"logTime": "1008/035232", "correlationVector":"Lp/tnx2GZarafEVGYDI+ii.153","action":"GetUpdates", "result":"DeleteReceived", "context":{"id":"589eea70-bcf7-4cf1-8c04-99e16a9c654e", "isDeleted:":"true", "version":"1728004050194"}}
{"logTime": "1008/035232", "correlationVector":"Lp/tnx2GZarafEVGYDI+ii.154","action":"GetUpdates", "result":"DeleteReceived", "context":{"id":"9f73cb7e-517a-4f38-ae9f-85e8522b08d7", "isDeleted:":"true", "version":"1728004050196"}}
{"logTime": "1008/035232", "correlationVector":"Lp/tnx2GZarafEVGYDI+ii.155","action":"GetUpdates", "result":"DeleteReceived", "context":{"id":"17f2a035-b318-491f-b842-954a977c05ab", "isDeleted:":"true", "version":"1728004143386"}}
{"logTime": "1008/035232", "correlationVector":"Lp/tnx2GZarafEVGYDI+ii.156","action":"GetUpdates", "result":"DeleteReceived", "context":{"id":"2439628f-be88-4085-8462-1e106a289a62", "isDeleted:":"true", "version":"1728004143389"}}
{"logTime": "1008/035232", "correlationVector":"Lp/tnx2GZarafEVGYDI+ii.157","action":"GetUpdates", "result":"DeleteReceived", "context":{"id":"4f40ce86-f77a-4b04-92fe-7ea09df1e4e3", "isDeleted:":"true", "version":"1728004526445"}}
{"logTime": "1008/035232", "correlationVector":"Lp/tnx2GZarafEVGYDI+ii.158","action":"GetUpdates", "result":"DeleteReceived", "context":{"id":"59a1de57-8ba2-4c7c-bf29-175b1ba3e696", "isDeleted:":"true", "version":"1728004526446"}}
{"logTime": "1008/035232", "correlationVector":"Lp/tnx2GZarafEVGYDI+ii.159","action":"GetUpdates", "result":"DeleteReceived", "context":{"id":"d516304c-0eaf-4dd2-9559-59614107a91d", "isDeleted:":"true", "version":"1728004526447"}}
{"logTime": "1008/035232", "correlationVector":"Lp/tnx2GZarafEVGYDI+ii.160","action":"GetUpdates", "result":"DeleteReceived", "context":{"id":"4dfd1acd-e5fc-4bc7-80fc-70f788ee3230", "isDeleted:":"true", "version":"1728004526448"}}
{"logTime": "1008/035232", "correlationVector":"Lp/tnx2GZarafEVGYDI+ii.161","action":"GetUpdates", "result":"DeleteReceived", "context":{"id":"9aa2dd9b-fd62-4127-889d-f4a5d159f5aa", "isDeleted:":"true", "version":"1728004526449"}}
{"logTime": "1008/035232", "correlationVector":"Lp/tnx2GZarafEVGYDI+ii.162","action":"GetUpdates", "result":"DeleteReceived", "context":{"id":"358e2f1c-9c90-4ce2-81ca-702f4e3e50e6", "isDeleted:":"true", "version":"1728008795692"}}
{"logTime": "1008/035232", "correlationVector":"Lp/tnx2GZarafEVGYDI+ii.163","action":"GetUpdates", "result":"DeleteReceived", "context":{"id":"3395acf8-1b9a-4e51-8288-bb216e820179", "isDeleted:":"true", "version":"1728008795694"}}
{"logTime": "1008/035232", "correlationVector":"Lp/tnx2GZarafEVGYDI+ii.164","action":"GetUpdates", "result":"DeleteReceived", "context":{"id":"60a41430-00f6-461d-b588-e7f47f8c691c", "isDeleted:":"true", "version":"1728008795696"}}
{"logTime": "1008/035232", "correlationVector":"Lp/tnx2GZarafEVGYDI+ii.165","action":"GetUpdates", "result":"DeleteReceived", "context":{"id":"75f79098-cd98-4a61-a5c0-7353de231bca", "isDeleted:":"true", "version":"1728008795698"}}
{"logTime": "1008/035232", "correlationVector":"Lp/tnx2GZarafEVGYDI+ii.166","action":"GetUpdates", "result":"DeleteReceived", "context":{"id":"bbccf796-04e3-435a-87c7-11a4e4d2d70a", "isDeleted:":"true", "version":"1728008860736"}}
{"logTime": "1008/035232", "correlationVector":"Lp/tnx2GZarafEVGYDI+ii.167","action":"GetUpdates", "result":"DeleteReceived", "context":{"id":"46084c64-aa0a-408f-9353-d7c5da5595e9", "isDeleted:":"true", "version":"1728008979328"}}
{"logTime": "1008/035232", "correlationVector":"Lp/tnx2GZarafEVGYDI+ii.168","action":"GetUpdates", "result":"DeleteReceived", "context":{"id":"880f3999-5cbf-40f5-8c1b-40bef29f2a50", "isDeleted:":"true", "version":"1728009750456"}}
{"logTime": "1008/035232", "correlationVector":"Lp/tnx2GZarafEVGYDI+ii.169","action":"GetUpdates", "result":"DeleteReceived", "context":{"id":"42f7c5d1-e10e-4e71-ba96-f2b6051e3a5a", "isDeleted:":"true", "version":"1728009750457"}}
{"logTime": "1008/035232", "correlationVector":"Lp/tnx2GZarafEVGYDI+ii.170","action":"GetUpdates", "result":"DeleteReceived", "context":{"id":"defc3674-97e9-42ee-b9cc-ba025114bc6e", "isDeleted:":"true", "version":"1728009750458"}}
{"logTime": "1008/035232", "correlationVector":"Lp/tnx2GZarafEVGYDI+ii.171","action":"GetUpdates", "result":"DeleteReceived", "context":{"id":"7d2a6412-3261-494a-bc63-c3d2f8062fb2", "isDeleted:":"true", "version":"1728021116742"}}
{"logTime": "1008/035232", "correlationVector":"Lp/tnx2GZarafEVGYDI+ii.172","action":"GetUpdates", "result":"DeleteReceived", "context":{"id":"3aaf80f9-5714-464d-923a-7828cd16562a", "isDeleted:":"true", "version":"1728021116744"}}
{"logTime": "1008/035232", "correlationVector":"Lp/tnx2GZarafEVGYDI+ii.173","action":"GetUpdates", "result":"DeleteReceived", "context":{"id":"9c8da063-dda9-42be-a806-eccfeab3aa8a", "isDeleted:":"true", "version":"1728021116745"}}
{"logTime": "1008/035232", "correlationVector":"Lp/tnx2GZarafEVGYDI+ii.174","action":"GetUpdates", "result":"DeleteReceived", "context":{"id":"2b5556fa-0f70-4cfa-a400-0a88f30830a4", "isDeleted:":"true", "version":"1728021116746"}}
{"logTime": "1008/035232", "correlationVector":"Lp/tnx2GZarafEVGYDI+ii.175","action":"GetUpdates", "result":"DeleteReceived", "context":{"id":"6c23e9b9-44fc-4114-a657-b1ef2bb891d4", "isDeleted:":"true", "version":"1728021447954"}}
{"logTime": "1008/035232", "correlationVector":"Lp/tnx2GZarafEVGYDI+ii.176","action":"GetUpdates", "result":"DeleteReceived", "context":{"id":"0ed049c2-894a-4739-8342-43e470808782", "isDeleted:":"true", "version":"1728021447956"}}
{"logTime": "1008/035232", "correlationVector":"Lp/tnx2GZarafEVGYDI+ii.177","action":"GetUpdates", "result":"DeleteReceived", "context":{"id":"9b6dbae9-eefe-4a38-b94e-6e9841b03e6c", "isDeleted:":"true", "version":"1728021539508"}}
{"logTime": "1008/035232", "correlationVector":"Lp/tnx2GZarafEVGYDI+ii.178","action":"GetUpdates", "result":"DeleteReceived", "context":{"id":"2c867126-910f-4e52-a814-4e7bcd89ecd6", "isDeleted:":"true", "version":"1728021570839"}}
{"logTime": "1008/035232", "correlationVector":"Lp/tnx2GZarafEVGYDI+ii.179","action":"GetUpdates", "result":"DeleteReceived", "context":{"id":"b7b9ca6c-ad55-487d-a068-9da42ec1a49b", "isDeleted:":"true", "version":"1728021723925"}}
{"logTime": "1008/035232", "correlationVector":"Lp/tnx2GZarafEVGYDI+ii.180","action":"GetUpdates", "result":"DeleteReceived", "context":{"id":"09898b69-96b8-4586-9954-506014a9d5d8", "isDeleted:":"true", "version":"1728021723927"}}
{"logTime": "1008/035232", "correlationVector":"Lp/tnx2GZarafEVGYDI+ii.181","action":"GetUpdates", "result":"DeleteReceived", "context":{"id":"71382f11-a671-47e1-bf97-5cfbcff2db53", "isDeleted:":"true", "version":"1728021723928"}}
{"logTime": "1008/035232", "correlationVector":"Lp/tnx2GZarafEVGYDI+ii.182","action":"GetUpdates", "result":"DeleteReceived", "context":{"id":"503b147c-1736-4210-bc2b-156e82b187a3", "isDeleted:":"true", "version":"1728021723929"}}
{"logTime": "1008/035232", "correlationVector":"Lp/tnx2GZarafEVGYDI+ii.183","action":"GetUpdates", "result":"DeleteReceived", "context":{"id":"358c2c53-8149-44a2-9fc8-203476d52de4", "isDeleted:":"true", "version":"1728022559105"}}
{"logTime": "1008/035232", "correlationVector":"Lp/tnx2GZarafEVGYDI+ii.184","action":"GetUpdates", "result":"DeleteReceived", "context":{"id":"8a56ca99-ad09-40e1-9fe5-1bdcc6727e20", "isDeleted:":"true", "version":"1728023888404"}}
{"logTime": "1008/035232", "correlationVector":"Lp/tnx2GZarafEVGYDI+ii.185","action":"GetUpdates", "result":"DeleteReceived", "context":{"id":"ea99b9d0-bd07-48bb-93f9-08a737d1b7fb", "isDeleted:":"true", "version":"1728023888405"}}
{"logTime": "1008/035232", "correlationVector":"Lp/tnx2GZarafEVGYDI+ii.186","action":"GetUpdates", "result":"DeleteReceived", "context":{"id":"4d83252c-e5a2-4083-8431-da45f6b34342", "isDeleted:":"true", "version":"1728026092600"}}
{"logTime": "1008/035232", "correlationVector":"Lp/tnx2GZarafEVGYDI+ii.187","action":"GetUpdates", "result":"DeleteReceived", "context":{"id":"434fd687-1372-4892-a074-37a3b51fd3b5", "isDeleted:":"true", "version":"1728026154145"}}
{"logTime": "1008/035232", "correlationVector":"Lp/tnx2GZarafEVGYDI+ii.188","action":"GetUpdates", "result":"DeleteReceived", "context":{"id":"ced3c65c-45e1-47e6-8306-367dd7853a0e", "isDeleted:":"true", "version":"1728026154146"}}
{"logTime": "1008/035232", "correlationVector":"Lp/tnx2GZarafEVGYDI+ii.189","action":"GetUpdates Response", "result":"Success", "context":Received 250 update(s). cV=Lp/tnx2GZarafEVGYDI+ii.0;server=GENERAL0100001B;cloudType=Consumer;environment=Prod_SoutheastAsia_000j;migrationStage=NotStarted Some updates remain.}
{"logTime": "1008/035232", "correlationVector":"go1futf0AC5Cs96JuaFmQS","action":"Normal GetUpdate request", "result":"", "context":cV=go1futf0AC5Cs96JuaFmQS
Nudged types: Sessions, Device Info
Refresh requested types: Bookmarks, Preferences, Passwords, Autofill Profiles, Autofill, Typed URLs, Extensions, Sessions, Extension settings, History Delete Directives, Device Info, User Consents, Send Tab To Self, Web Apps, Collection, Edge E Drop, Edge Hub App Usage, Edge Tab Group, Edge Wallet, Encryption Keys}
{"logTime": "1008/035234", "correlationVector":"go1futf0AC5Cs96JuaFmQS.1","action":"SyncServerConnectionManagerRequest", "result":"SYNC_SERVER_OK", "context":{"environment":"Prod_SoutheastAsia_000j", "migrationStage":"NotStarted", "server":"GENERAL01000006"}}
{"logTime": "1008/035234", "correlationVector":"go1futf0AC5Cs96JuaFmQS.2","action":"GetUpdates", "result":"DeleteReceived", "context":{"id":"92d05794-ee4c-4a5e-80e8-470d0a2754d3", "isDeleted:":"true", "version":"1728031260386"}}
{"logTime": "1008/035234", "correlationVector":"go1futf0AC5Cs96JuaFmQS.3","action":"GetUpdates", "result":"DeleteReceived", "context":{"id":"cce72a42-856d-47f9-a4ee-dbf347ec24c4", "isDeleted:":"true", "version":"1728031260387"}}
{"logTime": "1008/035234", "correlationVector":"go1futf0AC5Cs96JuaFmQS.4","action":"GetUpdates", "result":"DeleteReceived", "context":{"id":"1ea23841-b126-467e-8473-b0e3f9196647", "isDeleted:":"true", "version":"1728031260388"}}
{"logTime": "1008/035234", "correlationVector":"go1futf0AC5Cs96JuaFmQS.5","action":"GetUpdates", "result":"DeleteReceived", "context":{"id":"d350ec25-0c50-4bdf-8462-61e32682fa1b", "isDeleted:":"true", "version":"1728031260390"}}
{"logTime": "1008/035234", "correlationVector":"go1futf0AC5Cs96JuaFmQS.6","action":"GetUpdates", "result":"DeleteReceived", "context":{"id":"761347a8-f8fb-43a7-b346-c0fd41aa2c42", "isDeleted:":"true", "version":"1728031260391"}}
{"logTime": "1008/035234", "correlationVector":"go1futf0AC5Cs96JuaFmQS.7","action":"GetUpdates", "result":"DeleteReceived", "context":{"id":"862e3c97-efb9-47c2-849c-24a9688c1b38", "isDeleted:":"true", "version":"1728033935442"}}
{"logTime": "1008/035234", "correlationVector":"go1futf0AC5Cs96JuaFmQS.8","action":"GetUpdates", "result":"DeleteReceived", "context":{"id":"271cbe73-4189-4f53-aaf8-94d2b1bd61a9", "isDeleted:":"true", "version":"1728034288554"}}
{"logTime": "1008/035234", "correlationVector":"go1futf0AC5Cs96JuaFmQS.9","action":"GetUpdates", "result":"DeleteReceived", "context":{"id":"b47f7770-00ef-4553-b6ad-982346fdbe8b", "isDeleted:":"true", "version":"1728057204289"}}
{"logTime": "1008/035234", "correlationVector":"go1futf0AC5Cs96JuaFmQS.10","action":"GetUpdates", "result":"DeleteReceived", "context":{"id":"ea03a723-7944-43c5-aba7-c8c1830a257c", "isDeleted:":"true", "version":"1728057204292"}}
{"logTime": "1008/035234", "correlationVector":"go1futf0AC5Cs96JuaFmQS.11","action":"GetUpdates", "result":"DeleteReceived", "context":{"id":"bfc9eb3e-1cc1-4918-8e71-b8567f45d4dd", "isDeleted:":"true", "version":"1728057275493"}}
{"logTime": "1008/035234", "correlationVector":"go1futf0AC5Cs96JuaFmQS.12","action":"GetUpdates", "result":"DeleteReceived", "context":{"id":"302ea5a8-72d1-4c86-bb60-e93e72661ba1", "isDeleted:":"true", "version":"1728057275494"}}
{"logTime": "1008/035234", "correlationVector":"go1futf0AC5Cs96JuaFmQS.13","action":"GetUpdates", "result":"DeleteReceived", "context":{"id":"530ae329-ba30-4d17-8f68-d3be0628ec26", "isDeleted:":"true", "version":"1728057275495"}}
{"logTime": "1008/035234", "correlationVector":"go1futf0AC5Cs96JuaFmQS.14","action":"GetUpdates", "result":"DeleteReceived", "context":{"id":"4757e66c-6704-4830-adb9-8fcf94fd7aa7", "isDeleted:":"true", "version":"1728057347681"}}
{"logTime": "1008/035234", "correlationVector":"go1futf0AC5Cs96JuaFmQS.15","action":"GetUpdates", "result":"DeleteReceived", "context":{"id":"aa3a2a77-80f6-479e-9858-9caa968ad8a0", "isDeleted:":"true", "version":"1728122300725"}}
{"logTime": "1008/035234", "correlationVector":"go1futf0AC5Cs96JuaFmQS.16","action":"GetUpdates", "result":"DeleteReceived", "context":{"id":"91b9a175-840f-45d9-a4bc-56ca66972af1", "isDeleted:":"true", "version":"1728122300727"}}
{"logTime": "1008/035234", "correlationVector":"go1futf0AC5Cs96JuaFmQS.17","action":"GetUpdates", "result":"DeleteReceived", "context":{"id":"e4acf6f7-666a-43e6-b802-6428d068c5df", "isDeleted:":"true", "version":"1728122300728"}}
{"logTime": "1008/035234", "correlationVector":"go1futf0AC5Cs96JuaFmQS.18","action":"GetUpdates", "result":"DeleteReceived", "context":{"id":"d8d335a2-5e8e-4d77-80ef-3137fb4ae5e3", "isDeleted:":"true", "version":"1728124267565"}}
{"logTime": "1008/035234", "correlationVector":"go1futf0AC5Cs96JuaFmQS.19","action":"GetUpdates", "result":"DeleteReceived", "context":{"id":"d9238f61-b25c-4c49-9dd1-c98a0b60d95c", "isDeleted:":"true", "version":"1728126806207"}}
{"logTime": "1008/035234", "correlationVector":"go1futf0AC5Cs96JuaFmQS.20","action":"GetUpdates", "result":"DeleteReceived", "context":{"id":"eee89356-927b-4460-abab-3d4d61e16020", "isDeleted:":"true", "version":"1728128557652"}}
{"logTime": "1008/035234", "correlationVector":"go1futf0AC5Cs96JuaFmQS.21","action":"GetUpdates", "result":"DeleteReceived", "context":{"id":"c9bf5187-0dbf-4bd2-941a-851c9d915a3f", "isDeleted:":"true", "version":"1728128653816"}}
{"logTime": "1008/035234", "correlationVector":"go1futf0AC5Cs96JuaFmQS.22","action":"GetUpdates", "result":"DeleteReceived", "context":{"id":"f5f6ecbd-eeaa-4b6d-b75a-ecd224457fb2", "isDeleted:":"true", "version":"1728128747252"}}
{"logTime": "1008/035234", "correlationVector":"go1futf0AC5Cs96JuaFmQS.23","action":"GetUpdates", "result":"DeleteReceived", "context":{"id":"7850b854-9f28-4dd7-afde-1114ff2900dc", "isDeleted:":"true", "version":"1728128897631"}}
{"logTime": "1008/035234", "correlationVector":"go1futf0AC5Cs96JuaFmQS.24","action":"GetUpdates", "result":"DeleteReceived", "context":{"id":"c4ea6166-df32-42a0-9309-597245271ca7", "isDeleted:":"true", "version":"1728128897632"}}
{"logTime": "1008/035234", "correlationVector":"go1futf0AC5Cs96JuaFmQS.25","action":"GetUpdates", "result":"DeleteReceived", "context":{"id":"0a0341d4-65fb-4850-a477-5e43171b77c0", "isDeleted:":"true", "version":"1728129323924"}}
{"logTime": "1008/035234", "correlationVector":"go1futf0AC5Cs96JuaFmQS.26","action":"GetUpdates", "result":"DeleteReceived", "context":{"id":"f588b876-a58d-4623-8d68-57fdf8d5fb3d", "isDeleted:":"true", "version":"1728129602275"}}
{"logTime": "1008/035234", "correlationVector":"go1futf0AC5Cs96JuaFmQS.27","action":"GetUpdates", "result":"DeleteReceived", "context":{"id":"4684d8a7-e512-40ba-9418-319602c24cb8", "isDeleted:":"true", "version":"1728130170787"}}
{"logTime": "1008/035234", "correlationVector":"go1futf0AC5Cs96JuaFmQS.28","action":"GetUpdates", "result":"DeleteReceived", "context":{"id":"467aabc8-7b6f-44cd-8d8e-f55273145c93", "isDeleted:":"true", "version":"1728133120062"}}
{"logTime": "1008/035234", "correlationVector":"go1futf0AC5Cs96JuaFmQS.29","action":"GetUpdates", "result":"DeleteReceived", "context":{"id":"ef7e66b9-3c5e-4894-b090-94e20bf14956", "isDeleted:":"true", "version":"1728133120064"}}
{"logTime": "1008/035234", "correlationVector":"go1futf0AC5Cs96JuaFmQS.30","action":"GetUpdates", "result":"DeleteReceived", "context":{"id":"80783e5c-4a82-47ef-9c75-694a45842514", "isDeleted:":"true", "version":"1728133761022"}}
{"logTime": "1008/035234", "correlationVector":"go1futf0AC5Cs96JuaFmQS.31","action":"GetUpdates", "result":"DeleteReceived", "context":{"id":"59cc2b8b-3e8e-4932-92ab-4e4eada7c212", "isDeleted:":"true", "version":"1728141335703"}}
{"logTime": "1008/035234", "correlationVector":"go1futf0AC5Cs96JuaFmQS.32","action":"GetUpdates", "result":"DeleteReceived", "context":{"id":"eec4863f-ddfa-4fc6-b27a-0d49ba7da75f", "isDeleted:":"true", "version":"1728141481892"}}
{"logTime": "1008/035234", "correlationVector":"go1futf0AC5Cs96JuaFmQS.33","action":"GetUpdates", "result":"DeleteReceived", "context":{"id":"530b83e1-353c-45df-a0ad-1ae71d12da1b", "isDeleted:":"true", "version":"1728141481893"}}
{"logTime": "1008/035234", "correlationVector":"go1futf0AC5Cs96JuaFmQS.34","action":"GetUpdates", "result":"DeleteReceived", "context":{"id":"c297ce23-da17-4912-ab15-05ae1a83849a", "isDeleted:":"true", "version":"1728206698667"}}
{"logTime": "1008/035234", "correlationVector":"go1futf0AC5Cs96JuaFmQS.35","action":"GetUpdates", "result":"DeleteReceived", "context":{"id":"f9124e55-0685-4dd6-b852-1798665a408e", "isDeleted:":"true", "version":"1728206698668"}}
{"logTime": "1008/035234", "correlationVector":"go1futf0AC5Cs96JuaFmQS.36","action":"GetUpdates", "result":"DeleteReceived", "context":{"id":"85340cb1-1621-462d-bc46-b289565a8504", "isDeleted:":"true", "version":"1728206698669"}}
{"logTime": "1008/035234", "correlationVector":"go1futf0AC5Cs96JuaFmQS.37","action":"GetUpdates", "result":"DeleteReceived", "context":{"id":"304680c4-bd8b-4029-9247-82e871895322", "isDeleted:":"true", "version":"1728206698671"}}
{"logTime": "1008/035234", "correlationVector":"go1futf0AC5Cs96JuaFmQS.38","action":"GetUpdates", "result":"DeleteReceived", "context":{"id":"493c683d-5bbc-43f3-a616-56df4643a046", "isDeleted:":"true", "version":"1728206698672"}}
{"logTime": "1008/035234", "correlationVector":"go1futf0AC5Cs96JuaFmQS.39","action":"GetUpdates", "result":"DeleteReceived", "context":{"id":"117e65a3-e96c-441b-89cc-a01a5bd7ae9b", "isDeleted:":"true", "version":"1728207123302"}}
{"logTime": "1008/035234", "correlationVector":"go1futf0AC5Cs96JuaFmQS.40","action":"GetUpdates", "result":"DeleteReceived", "context":{"id":"e90ea18f-ca73-4d20-a879-dfd5170c9b1d", "isDeleted:":"true", "version":"1728207325917"}}
{"logTime": "1008/035234", "correlationVector":"go1futf0AC5Cs96JuaFmQS.41","action":"GetUpdates", "result":"DeleteReceived", "context":{"id":"01d3c9e1-a092-44a5-9aa3-dba4e071a2f1", "isDeleted:":"true", "version":"1728211985656"}}
{"logTime": "1008/035234", "correlationVector":"go1futf0AC5Cs96JuaFmQS.42","action":"GetUpdates", "result":"DeleteReceived", "context":{"id":"f9219f14-6d66-452b-9611-b3ad8468e3b8", "isDeleted:":"true", "version":"1728211985658"}}
{"logTime": "1008/035234", "correlationVector":"go1futf0AC5Cs96JuaFmQS.43","action":"GetUpdates", "result":"DeleteReceived", "context":{"id":"e06d66b6-1d52-46f4-af3a-9d32fad2044a", "isDeleted:":"true", "version":"1728211985660"}}
{"logTime": "1008/035234", "correlationVector":"go1futf0AC5Cs96JuaFmQS.44","action":"GetUpdates", "result":"DeleteReceived", "context":{"id":"4e399e8e-1977-402d-8aef-b3feec4f650c", "isDeleted:":"true", "version":"1728225417261"}}
{"logTime": "1008/035234", "correlationVector":"go1futf0AC5Cs96JuaFmQS.45","action":"GetUpdates", "result":"DeleteReceived", "context":{"id":"2f26e3f3-5aa7-4eae-b752-7e56a0eb9718", "isDeleted:":"true", "version":"1728225417263"}}
{"logTime": "1008/035234", "correlationVector":"go1futf0AC5Cs96JuaFmQS.46","action":"GetUpdates", "result":"DeleteReceived", "context":{"id":"0294eee1-ae2f-40e8-bf04-69572a127c71", "isDeleted:":"true", "version":"1728225417265"}}
{"logTime": "1008/035234", "correlationVector":"go1futf0AC5Cs96JuaFmQS.47","action":"GetUpdates", "result":"DeleteReceived", "context":{"id":"f5f2682c-487a-4666-9595-56832146e51d", "isDeleted:":"true", "version":"1728225417266"}}
{"logTime": "1008/035234", "correlationVector":"go1futf0AC5Cs96JuaFmQS.48","action":"GetUpdates", "result":"DeleteReceived", "context":{"id":"35ebd9c8-7a83-467d-b578-e91a5f7d8dbd", "isDeleted:":"true", "version":"1728225507093"}}
{"logTime": "1008/035234", "correlationVector":"go1futf0AC5Cs96JuaFmQS.49","action":"GetUpdates", "result":"DeleteReceived", "context":{"id":"c9dfe6d8-d1ad-4021-906a-dac4dd7aa566", "isDeleted:":"true", "version":"1728228040087"}}
{"logTime": "1008/035234", "correlationVector":"go1futf0AC5Cs96JuaFmQS.50","action":"GetUpdates", "result":"DeleteReceived", "context":{"id":"c0ae5571-b621-4603-a60c-df5de0a21bce", "isDeleted:":"true", "version":"1728284951138"}}
{"logTime": "1008/035234", "correlationVector":"go1futf0AC5Cs96JuaFmQS.51","action":"GetUpdates", "result":"DeleteReceived", "context":{"id":"522cec85-5bc3-4172-a18c-876a21d4ab2f", "isDeleted:":"true", "version":"1728284951139"}}
{"logTime": "1008/035234", "correlationVector":"go1futf0AC5Cs96JuaFmQS.52","action":"GetUpdates", "result":"DeleteReceived", "context":{"id":"420a6c95-c865-4917-9670-e53d72c6747e", "isDeleted:":"true", "version":"1728284951140"}}
{"logTime": "1008/035234", "correlationVector":"go1futf0AC5Cs96JuaFmQS.53","action":"GetUpdates", "result":"DeleteReceived", "context":{"id":"92853e6d-706d-4bb8-bd37-e6a72644f94f", "isDeleted:":"true", "version":"1728284951141"}}
{"logTime": "1008/035234", "correlationVector":"go1futf0AC5Cs96JuaFmQS.54","action":"GetUpdates", "result":"DeleteReceived", "context":{"id":"26eb5190-32e2-47ad-8adb-cc35a3cde119", "isDeleted:":"true", "version":"1728284951143"}}
{"logTime": "1008/035234", "correlationVector":"go1futf0AC5Cs96JuaFmQS.55","action":"GetUpdates", "result":"DeleteReceived", "context":{"id":"05f16492-1d62-422f-ad2a-a856141a50ee", "isDeleted:":"true", "version":"1728284951144"}}
{"logTime": "1008/035234", "correlationVector":"go1futf0AC5Cs96JuaFmQS.56","action":"GetUpdates", "result":"DeleteReceived", "context":{"id":"fda12506-a5a7-4cd0-8b0b-2b4bce6e8417", "isDeleted:":"true", "version":"1728284951145"}}
{"logTime": "1008/035234", "correlationVector":"go1futf0AC5Cs96JuaFmQS.57","action":"GetUpdates", "result":"DeleteReceived", "context":{"id":"4f0b4452-c3af-4817-93be-b9ca6d133c38", "isDeleted:":"true", "version":"1728284951146"}}
{"logTime": "1008/035234", "correlationVector":"go1futf0AC5Cs96JuaFmQS.58","action":"GetUpdates", "result":"DeleteReceived", "context":{"id":"c8fb4585-5107-43d7-9d79-3b680301b01d", "isDeleted:":"true", "version":"1728287552593"}}
{"logTime": "1008/035234", "correlationVector":"go1futf0AC5Cs96JuaFmQS.59","action":"GetUpdates", "result":"DeleteReceived", "context":{"id":"8d0d99dd-5766-4f43-85d9-9de40e6b5f03", "isDeleted:":"true", "version":"1728290121822"}}
{"logTime": "1008/035234", "correlationVector":"go1futf0AC5Cs96JuaFmQS.60","action":"GetUpdates", "result":"DeleteReceived", "context":{"id":"34a5eba0-4e03-493b-86ea-aae2f501f1fe", "isDeleted:":"true", "version":"1728290121823"}}
{"logTime": "1008/035234", "correlationVector":"go1futf0AC5Cs96JuaFmQS.61","action":"GetUpdates", "result":"DeleteReceived", "context":{"id":"d2370ff4-6136-48b3-aeb7-f83e94efc7d7", "isDeleted:":"true", "version":"1728290707554"}}
{"logTime": "1008/035234", "correlationVector":"go1futf0AC5Cs96JuaFmQS.62","action":"GetUpdates", "result":"DeleteReceived", "context":{"id":"ee3bc256-f06b-4d18-a8dd-a3b1ba3f5f37", "isDeleted:":"true", "version":"1728290707555"}}
{"logTime": "1008/035234", "correlationVector":"go1futf0AC5Cs96JuaFmQS.63","action":"GetUpdates", "result":"DeleteReceived", "context":{"id":"fe185167-cb11-4ae2-bca1-982f271069ad", "isDeleted:":"true", "version":"1728290707557"}}
{"logTime": "1008/035234", "correlationVector":"go1futf0AC5Cs96JuaFmQS.64","action":"GetUpdates", "result":"DeleteReceived", "context":{"id":"ef2fe5fd-70f9-4367-8df0-63772e1f24ef", "isDeleted:":"true", "version":"1728290707558"}}
{"logTime": "1008/035234", "correlationVector":"go1futf0AC5Cs96JuaFmQS.65","action":"GetUpdates", "result":"DeleteReceived", "context":{"id":"74acbabb-8dd4-4ddf-b755-8d951f15dccc", "isDeleted:":"true", "version":"1728290744741"}}
{"logTime": "1008/035234", "correlationVector":"go1futf0AC5Cs96JuaFmQS.66","action":"GetUpdates", "result":"DeleteReceived", "context":{"id":"b063ab2c-f915-44c0-a47a-6f402adbde20", "isDeleted:":"true", "version":"1728291951743"}}
{"logTime": "1008/035234", "correlationVector":"go1futf0AC5Cs96JuaFmQS.67","action":"GetUpdates", "result":"DeleteReceived", "context":{"id":"b8e3d671-e2b3-4e0d-b5e8-1a455a5a5942", "isDeleted:":"true", "version":"1728292581725"}}
{"logTime": "1008/035234", "correlationVector":"go1futf0AC5Cs96JuaFmQS.68","action":"GetUpdates", "result":"DeleteReceived", "context":{"id":"c7ee3b21-9fef-4389-9cc2-5de723586c58", "isDeleted:":"true", "version":"1728292581726"}}
{"logTime": "1008/035234", "correlationVector":"go1futf0AC5Cs96JuaFmQS.69","action":"GetUpdates", "result":"DeleteReceived", "context":{"id":"defb5423-ff9e-4d4c-b96a-3b31b670b563", "isDeleted:":"true", "version":"1728292581729"}}
{"logTime": "1008/035234", "correlationVector":"go1futf0AC5Cs96JuaFmQS.70","action":"GetUpdates", "result":"DeleteReceived", "context":{"id":"88a58eb5-6a58-4828-b6a7-58834fdce83c", "isDeleted:":"true", "version":"1728292581730"}}
{"logTime": "1008/035234", "correlationVector":"go1futf0AC5Cs96JuaFmQS.71","action":"GetUpdates", "result":"DeleteReceived", "context":{"id":"44367a0f-e2f0-4ffa-9593-b459c776b2ab", "isDeleted:":"true", "version":"1728292581731"}}
{"logTime": "1008/035234", "correlationVector":"go1futf0AC5Cs96JuaFmQS.72","action":"GetUpdates", "result":"DeleteReceived", "context":{"id":"29901c44-ca0f-4e5b-a3e7-4b1503862b79", "isDeleted:":"true", "version":"1728292672940"}}
{"logTime": "1008/035234", "correlationVector":"go1futf0AC5Cs96JuaFmQS.73","action":"GetUpdates", "result":"DeleteReceived", "context":{"id":"6cdf4e77-3091-461b-be37-608364d48e2d", "isDeleted:":"true", "version":"1728294786894"}}
{"logTime": "1008/035234", "correlationVector":"go1futf0AC5Cs96JuaFmQS.74","action":"GetUpdates", "result":"DeleteReceived", "context":{"id":"49414ef2-f627-47fb-84c9-978b71d21820", "isDeleted:":"true", "version":"1728304857419"}}
{"logTime": "1008/035234", "correlationVector":"go1futf0AC5Cs96JuaFmQS.75","action":"GetUpdates", "result":"DeleteReceived", "context":{"id":"db235ca7-69af-44c2-855c-08e69214c081", "isDeleted:":"true", "version":"1728304857421"}}
{"logTime": "1008/035234", "correlationVector":"go1futf0AC5Cs96JuaFmQS.76","action":"GetUpdates", "result":"DeleteReceived", "context":{"id":"f5afeb5e-bfc5-4b78-a284-d8e8a2e7b224", "isDeleted:":"true", "version":"1728304890704"}}
{"logTime": "1008/035234", "correlationVector":"go1futf0AC5Cs96JuaFmQS.77","action":"GetUpdates", "result":"DeleteReceived", "context":{"id":"2f857e68-9f80-4a20-ad1d-783aecd82a55", "isDeleted:":"true", "version":"1728304890705"}}
{"logTime": "1008/035234", "correlationVector":"go1futf0AC5Cs96JuaFmQS.78","action":"GetUpdates", "result":"DeleteReceived", "context":{"id":"1ea5a621-b0f6-44bf-9b08-0c020d9b3881", "isDeleted:":"true", "version":"1728330956288"}}
{"logTime": "1008/035234", "correlationVector":"go1futf0AC5Cs96JuaFmQS.79","action":"GetUpdates", "result":"DeleteReceived", "context":{"id":"4d9c17bc-3f84-457f-89c0-ef59bebd097e", "isDeleted:":"true", "version":"1728330956289"}}
{"logTime": "1008/035234", "correlationVector":"go1futf0AC5Cs96JuaFmQS.80","action":"GetUpdates", "result":"DeleteReceived", "context":{"id":"73bb5d58-da54-4af7-aa1e-566838b8ebd4", "isDeleted:":"true", "version":"1728330956290"}}
{"logTime": "1008/035234", "correlationVector":"go1futf0AC5Cs96JuaFmQS.81","action":"GetUpdates", "result":"DeleteReceived", "context":{"id":"cfcf851a-efb8-434b-a5a9-75968f972a91", "isDeleted:":"true", "version":"1728331345172"}}
{"logTime": "1008/035234", "correlationVector":"go1futf0AC5Cs96JuaFmQS.82","action":"GetUpdates", "result":"DeleteReceived", "context":{"id":"6eb8f2b5-3ee0-41fb-87d8-cfc07873349f", "isDeleted:":"true", "version":"1728333433154"}}
{"logTime": "1008/035234", "correlationVector":"go1futf0AC5Cs96JuaFmQS.83","action":"GetUpdates", "result":"DeleteReceived", "context":{"id":"860295b1-751a-47cb-8eee-620a0219f94a", "isDeleted:":"true", "version":"1728334449753"}}
{"logTime": "1008/035234", "correlationVector":"go1futf0AC5Cs96JuaFmQS.84","action":"GetUpdates", "result":"DeleteReceived", "context":{"id":"56db0ff3-da35-4a0e-ba30-8f3637b70ff7", "isDeleted:":"true", "version":"1728336046416"}}
{"logTime": "1008/035234", "correlationVector":"go1futf0AC5Cs96JuaFmQS.85","action":"GetUpdates", "result":"DeleteReceived", "context":{"id":"672db53c-d46a-4d6a-b3b0-5eb4b9a202dd", "isDeleted:":"true", "version":"1728337809919"}}
{"logTime": "1008/035234", "correlationVector":"go1futf0AC5Cs96JuaFmQS.86","action":"GetUpdates", "result":"DeleteReceived", "context":{"id":"a7794347-9e36-40de-a9d8-77e96a9fd8c1", "isDeleted:":"true", "version":"1728341766692"}}
{"logTime": "1008/035234", "correlationVector":"go1futf0AC5Cs96JuaFmQS.87","action":"GetUpdates", "result":"DeleteReceived", "context":{"id":"f7d85a22-bc7f-458f-86c2-499a1ffe4e09", "isDeleted:":"true", "version":"1728342436153"}}
{"logTime": "1008/035234", "correlationVector":"go1futf0AC5Cs96JuaFmQS.88","action":"GetUpdates", "result":"DeleteReceived", "context":{"id":"9f009b51-6486-4293-beb2-7664af8ecc47", "isDeleted:":"true", "version":"1728342436154"}}
{"logTime": "1008/035234", "correlationVector":"go1futf0AC5Cs96JuaFmQS.89","action":"GetUpdates", "result":"DeleteReceived", "context":{"id":"8f3d4ef0-c4e7-4faf-8814-60521c4bd166", "isDeleted:":"true", "version":"1728342436155"}}
{"logTime": "1008/035234", "correlationVector":"go1futf0AC5Cs96JuaFmQS.90","action":"GetUpdates", "result":"DeleteReceived", "context":{"id":"f0bfcdba-041a-4d28-8d0d-e4387d1abcaa", "isDeleted:":"true", "version":"1728342436156"}}
{"logTime": "1008/035234", "correlationVector":"go1futf0AC5Cs96JuaFmQS.91","action":"GetUpdates", "result":"DeleteReceived", "context":{"id":"c188883b-aa5a-45f7-a9d8-250b4d920f42", "isDeleted:":"true", "version":"1728342436159"}}
{"logTime": "1008/035234", "correlationVector":"go1futf0AC5Cs96JuaFmQS.92","action":"GetUpdates", "result":"DeleteReceived", "context":{"id":"4dc3a75e-f048-4417-817b-e03984315ea6", "isDeleted:":"true", "version":"1728342436161"}}
{"logTime": "1008/035234", "correlationVector":"go1futf0AC5Cs96JuaFmQS.93","action":"GetUpdates", "result":"DeleteReceived", "context":{"id":"4eda3837-3a4f-4d97-b730-eaa07fa46319", "isDeleted:":"true", "version":"1728342662397"}}
{"logTime": "1008/035234", "correlationVector":"go1futf0AC5Cs96JuaFmQS.94","action":"GetUpdates", "result":"DeleteReceived", "context":{"id":"8e82b712-4dfa-49e5-ba47-9ede3f597474", "isDeleted:":"true", "version":"1728344095439"}}
{"logTime": "1008/035234", "correlationVector":"go1futf0AC5Cs96JuaFmQS.95","action":"GetUpdates", "result":"DeleteReceived", "context":{"id":"3054dc5c-4487-424f-9a85-839eab2ca323", "isDeleted:":"true", "version":"1728344095442"}}
{"logTime": "1008/035234", "correlationVector":"go1futf0AC5Cs96JuaFmQS.96","action":"GetUpdates", "result":"DeleteReceived", "context":{"id":"be00c3e3-ce11-4900-a23a-bdd1c221aaaa", "isDeleted:":"true", "version":"1728344095443"}}
{"logTime": "1008/035234", "correlationVector":"go1futf0AC5Cs96JuaFmQS.97","action":"GetUpdates", "result":"DeleteReceived", "context":{"id":"e1e964b6-d2d6-4a30-b3bd-7392a8b1f0ac", "isDeleted:":"true", "version":"1728358242568"}}
{"logTime": "1008/035234", "correlationVector":"go1futf0AC5Cs96JuaFmQS.98","action":"GetUpdates", "result":"DeleteReceived", "context":{"id":"9da807b0-6bda-4ed0-a8f9-a6442ca16db1", "isDeleted:":"true", "version":"1728358242570"}}
{"logTime": "1008/035234", "correlationVector":"go1futf0AC5Cs96JuaFmQS.99","action":"GetUpdates", "result":"DeleteReceived", "context":{"id":"57177c49-84a2-4257-a97b-d97aec44b2ac", "isDeleted:":"true", "version":"1728358242571"}}
{"logTime": "1008/035234", "correlationVector":"go1futf0AC5Cs96JuaFmQS.100","action":"GetUpdates", "result":"DeleteReceived", "context":{"id":"48333aa5-ba2f-434d-9cab-4ea24701ecd8", "isDeleted:":"true", "version":"1728358242572"}}
{"logTime": "1008/035234", "correlationVector":"go1futf0AC5Cs96JuaFmQS.101","action":"GetUpdates", "result":"DeleteReceived", "context":{"id":"9310e184-ba9f-4cbe-8086-22e5a842c512", "isDeleted:":"true", "version":"1728358975170"}}
{"logTime": "1008/035234", "correlationVector":"go1futf0AC5Cs96JuaFmQS.102","action":"GetUpdates Response", "result":"Success", "context":Received 184 update(s). cV=go1futf0AC5Cs96JuaFmQS.0;server=GENERAL01000006;cloudType=Consumer;environment=Prod_SoutheastAsia_000j;migrationStage=NotStarted}
{"logTime": "1008/035234", "correlationVector":"QMZYWWvVmByZMYGb31es/S","action":"DoCompareDataConsistency requsted types: ", "result":"Bookmarks, Preferences, Passwords, Typed URLs, Extensions, Extension settings, History Delete Directives, Send Tab To Self, Web Apps, Collection, Edge E Drop, Edge Tab Group, Edge Wallet, Encryption Keys"}
{"logTime": "1008/035234", "correlationVector":"QMZYWWvVmByZMYGb31es/S.0","action":"CompareDataConsistency result: ", "result":"Compare result: Encryption Keys is consistent. local entities count is: 1 local entities hash is: PoA0jelsUeAS5rneVYlGcRjeZe0="}
{"logTime": "1008/035234", "correlationVector":"QMZYWWvVmByZMYGb31es/S.1","action":"CompareDataConsistency result: ", "result":"Compare result: Bookmarks is consistent. local entities count is: 34 local entities hash is: AKzRuDKGAQqEH/+MWy7N+V54JTQ="}
{"logTime": "1008/035234", "correlationVector":"QMZYWWvVmByZMYGb31es/S.2","action":"CompareDataConsistency result: ", "result":"Compare result: Preferences is consistent. local entities count is: 67 local entities hash is: NploxIEdnOaORPtokmwP4E2RYeo="}
{"logTime": "1008/035234", "correlationVector":"QMZYWWvVmByZMYGb31es/S.3","action":"CompareDataConsistency result: ", "result":"Server did not send this Typed URLs local entities count is: 153 local entities hash is: V/pciJnq/lkx1GzgDVRqswxV3PI="}
{"logTime": "1008/035234", "correlationVector":"QMZYWWvVmByZMYGb31es/S.4","action":"CompareDataConsistency result: ", "result":"Compare result: Extensions is consistent. local entities count is: 0 local entities hash is: "}
{"logTime": "1008/035234", "correlationVector":"QMZYWWvVmByZMYGb31es/S.5","action":"CompareDataConsistency result: ", "result":"Compare result: Extension settings is consistent. local entities count is: 0 local entities hash is: "}
{"logTime": "1008/035234", "correlationVector":"QMZYWWvVmByZMYGb31es/S.6","action":"CompareDataConsistency result: ", "result":"Compare result: History Delete Directives is consistent. local entities count is: 0 local entities hash is: "}
{"logTime": "1008/035234", "correlationVector":"QMZYWWvVmByZMYGb31es/S.7","action":"CompareDataConsistency result: ", "result":"Server did not send this Send Tab To Self local entities count is: 0 local entities hash is: "}
{"logTime": "1008/035234", "correlationVector":"QMZYWWvVmByZMYGb31es/S.8","action":"CompareDataConsistency result: ", "result":"Compare result: Web Apps is consistent. local entities count is: 0 local entities hash is: "}
{"logTime": "1008/035234", "correlationVector":"QMZYWWvVmByZMYGb31es/S.9","action":"CompareDataConsistency result: ", "result":"Compare result: Collection is consistent. local entities count is: 0 local entities hash is: "}
{"logTime": "1008/035234", "correlationVector":"QMZYWWvVmByZMYGb31es/S.10","action":"CompareDataConsistency result: ", "result":"Compare result: Edge E Drop is consistent. local entities count is: 0 local entities hash is: "}
{"logTime": "1008/035234", "correlationVector":"QMZYWWvVmByZMYGb31es/S.11","action":"CompareDataConsistency result: ", "result":"Compare result: Edge Tab Group is consistent. local entities count is: 2 local entities hash is: bVWptbYlVy7/1JF2EPJX/HU9iDA="}
{"logTime": "1008/035234", "correlationVector":"QMZYWWvVmByZMYGb31es/S.12","action":"CompareDataConsistency result: ", "result":"Compare result: Edge Wallet is consistent. local entities count is: 0 local entities hash is: "}
{"logTime": "1008/035234", "correlationVector":"QMZYWWvVmByZMYGb31es/S.13","action":"CompareDataConsistency result: ", "result":"Compare result: Passwords is consistent. local entities count is: 32 local entities hash is: 4FRT2rHcvWCs7U9XZe2FLhisli4="}
{"logTime": "1008/035234", "correlationVector":"pfBLR+EdwRelsUE0vAKAq4","action":"Commit Request", "result":"", "context":Item count: 3
Contributing types: Sessions, Device Info}
{"logTime": "1008/035235", "correlationVector":"pfBLR+EdwRelsUE0vAKAq4.1","action":"SyncServerConnectionManagerRequest", "result":"SYNC_SERVER_OK", "context":{"environment":"Prod_SoutheastAsia_000j", "migrationStage":"NotStarted", "server":"GENERAL01000011"}}
{"logTime": "1008/035235", "correlationVector":"pfBLR+EdwRelsUE0vAKAq4.2","action":"Commit Response", "result":"Success", "context":Result: Success. cV=pfBLR+EdwRelsUE0vAKAq4.0;server=GENERAL01000011;cloudType=Consumer;environment=Prod_SoutheastAsia_000j;migrationStage=NotStarted}
{"logTime": "1008/035235", "correlationVector":"","action":"DIAGNOSTIC_REQUEST|v1/diagnosticData/Diagnostic.SendCheckResult()|SUCCESS", "result":""}
{"logTime": "1008/035235", "correlationVector":"vb74aVkcFD+x7OFN9F2Wzc","action":"Normal GetUpdate request", "result":"", "context":cV=vb74aVkcFD+x7OFN9F2Wzc
Nudged types: Sessions, Device Info}
{"logTime": "1008/035236", "correlationVector":"vb74aVkcFD+x7OFN9F2Wzc.1","action":"SyncServerConnectionManagerRequest", "result":"SYNC_SERVER_OK", "context":{"environment":"Prod_SoutheastAsia_000j", "migrationStage":"NotStarted", "server":"GENERAL01000011"}}
{"logTime": "1008/035236", "correlationVector":"vb74aVkcFD+x7OFN9F2Wzc.2","action":"GetUpdates Response", "result":"Success", "context":Received 3 update(s). cV=vb74aVkcFD+x7OFN9F2Wzc.0;server=GENERAL01000011;cloudType=Consumer;environment=Prod_SoutheastAsia_000j;migrationStage=NotStarted}
{"logTime": "1008/035236", "correlationVector":"+NN0L/e1r/X+6ORHU9hamx","action":"Poll GetUpdate request", "result":"", "context":cV=+NN0L/e1r/X+6ORHU9hamx}
{"logTime": "1008/035236", "correlationVector":"+NN0L/e1r/X+6ORHU9hamx.1","action":"SyncServerConnectionManagerRequest", "result":"SYNC_SERVER_OK", "context":{"environment":"Prod_SoutheastAsia_000j", "migrationStage":"NotStarted", "server":"GENERAL0300000V"}}
{"logTime": "1008/035236", "correlationVector":"+NN0L/e1r/X+6ORHU9hamx.2","action":"GetUpdates Response", "result":"Success", "context":Received 0 update(s). cV=+NN0L/e1r/X+6ORHU9hamx.0;server=GENERAL0300000V;cloudType=Consumer;environment=Prod_SoutheastAsia_000j;migrationStage=NotStarted}
{"logTime": "1008/035328", "correlationVector":"CGXIe/dhOGBxYVMhFwnwVw","action":"Commit Request", "result":"", "context":Item count: 1
Contributing types: Sessions}
{"logTime": "1008/035328", "correlationVector":"CGXIe/dhOGBxYVMhFwnwVw.1","action":"SyncServerConnectionManagerRequest", "result":"SYNC_SERVER_OK", "context":{"environment":"Prod_SoutheastAsia_000j", "migrationStage":"NotStarted", "server":"GENERAL0100000U"}}
{"logTime": "1008/035328", "correlationVector":"CGXIe/dhOGBxYVMhFwnwVw.2","action":"Commit Response", "result":"Success", "context":Result: Success. cV=CGXIe/dhOGBxYVMhFwnwVw.0;server=GENERAL0100000U;cloudType=Consumer;environment=Prod_SoutheastAsia_000j;migrationStage=NotStarted}
{"logTime": "1008/035728", "correlationVector":"JzJ7BlbConQxQVYK4LqNoD","action":"Normal GetUpdate request", "result":"", "context":cV=JzJ7BlbConQxQVYK4LqNoD
Refresh requested types: Bookmarks, Preferences, Passwords, Autofill Profiles, Autofill, Typed URLs, Extensions, Sessions, Extension settings, History Delete Directives, Device Info, User Consents, Send Tab To Self, Web Apps, Collection, Edge E Drop, Edge Hub App Usage, Edge Tab Group, Edge Wallet, Encryption Keys}
{"logTime": "1008/035728", "correlationVector":"JzJ7BlbConQxQVYK4LqNoD.1","action":"SyncServerConnectionManagerRequest", "result":"SYNC_SERVER_OK", "context":{"environment":"Prod_SoutheastAsia_000j", "migrationStage":"NotStarted", "server":"GENERAL0300000I"}}
{"logTime": "1008/035728", "correlationVector":"JzJ7BlbConQxQVYK4LqNoD.2","action":"GetUpdates Response", "result":"Success", "context":Received 1 update(s). cV=JzJ7BlbConQxQVYK4LqNoD.0;server=GENERAL0300000I;cloudType=Consumer;environment=Prod_SoutheastAsia_000j;migrationStage=NotStarted}
{"logTime": "1008/040341", "correlationVector":"Q+BMXFENuQOPt8sw98YKkR","action":"Commit Request", "result":"", "context":Item count: 1
Contributing types: Sessions}
{"logTime": "1008/040342", "correlationVector":"Q+BMXFENuQOPt8sw98YKkR.1","action":"SyncServerConnectionManagerRequest", "result":"SYNC_SERVER_OK", "context":{"environment":"Prod_SoutheastAsia_000j", "migrationStage":"NotStarted", "server":"GENERAL0300000I"}}
{"logTime": "1008/040342", "correlationVector":"Q+BMXFENuQOPt8sw98YKkR.2","action":"Commit Response", "result":"Success", "context":Result: Success. cV=Q+BMXFENuQOPt8sw98YKkR.0;server=GENERAL0300000I;cloudType=Consumer;environment=Prod_SoutheastAsia_000j;migrationStage=NotStarted}
{"logTime": "1008/040606", "correlationVector":"wHy6DMhjr2QljL/TMmr0+L","action":"Commit Request", "result":"", "context":Item count: 1
Contributing types: Sessions}
{"logTime": "1008/040607", "correlationVector":"wHy6DMhjr2QljL/TMmr0+L.1","action":"SyncServerConnectionManagerRequest", "result":"SYNC_SERVER_OK", "context":{"environment":"Prod_SoutheastAsia_000j", "migrationStage":"NotStarted", "server":"GENERAL0300001B"}}
{"logTime": "1008/040607", "correlationVector":"wHy6DMhjr2QljL/TMmr0+L.2","action":"Commit Response", "result":"Success", "context":Result: Success. cV=wHy6DMhjr2QljL/TMmr0+L.0;server=GENERAL0300001B;cloudType=Consumer;environment=Prod_SoutheastAsia_000j;migrationStage=NotStarted}
{"logTime": "1008/040844", "correlationVector":"QpZVp5ct2fTE2wqLu7QX4N","action":"Commit Request", "result":"", "context":Item count: 1
Contributing types: Sessions}
{"logTime": "1008/040844", "correlationVector":"QpZVp5ct2fTE2wqLu7QX4N.1","action":"SyncServerConnectionManagerRequest", "result":"SYNC_SERVER_OK", "context":{"environment":"Prod_SoutheastAsia_000j", "migrationStage":"NotStarted", "server":"GENERAL0300000X"}}
{"logTime": "1008/040844", "correlationVector":"QpZVp5ct2fTE2wqLu7QX4N.2","action":"Commit Response", "result":"Success", "context":Result: Success. cV=QpZVp5ct2fTE2wqLu7QX4N.0;server=GENERAL0300000X;cloudType=Consumer;environment=Prod_SoutheastAsia_000j;migrationStage=NotStarted}
{"logTime": "1008/040845", "correlationVector":"XF0XEm7gifOFGmpc0mvSO4","action":"Normal GetUpdate request", "result":"", "context":cV=XF0XEm7gifOFGmpc0mvSO4
Notified types: Preferences}
{"logTime": "1008/040846", "correlationVector":"XF0XEm7gifOFGmpc0mvSO4.1","action":"SyncServerConnectionManagerRequest", "result":"SYNC_SERVER_OK", "context":{"environment":"Prod_SoutheastAsia_000j", "migrationStage":"NotStarted", "server":"GENERAL0300000N"}}
{"logTime": "1008/040846", "correlationVector":"XF0XEm7gifOFGmpc0mvSO4.2","action":"GetUpdates Response", "result":"Success", "context":Received 4 update(s). cV=XF0XEm7gifOFGmpc0mvSO4.0;server=GENERAL0300000N;cloudType=Consumer;environment=Prod_SoutheastAsia_000j;migrationStage=NotStarted}
{"logTime": "1008/041137", "correlationVector":"oXHNXMBcJeTAJ1wv1bXbum","action":"Commit Request", "result":"", "context":Item count: 1
Contributing types: Sessions}
{"logTime": "1008/041137", "correlationVector":"oXHNXMBcJeTAJ1wv1bXbum.1","action":"SyncServerConnectionManagerRequest", "result":"SYNC_SERVER_OK", "context":{"environment":"Prod_SoutheastAsia_000j", "migrationStage":"NotStarted", "server":"GENERAL01000015"}}
{"logTime": "1008/041137", "correlationVector":"oXHNXMBcJeTAJ1wv1bXbum.2","action":"Commit Response", "result":"Success", "context":Result: Success. cV=oXHNXMBcJeTAJ1wv1bXbum.0;server=GENERAL01000015;cloudType=Consumer;environment=Prod_SoutheastAsia_000j;migrationStage=NotStarted}
{"logTime": "1008/041625", "correlationVector":"enhpisTqxfo7ilfYy3J4Ka","action":"Commit Request", "result":"", "context":Item count: 1
Contributing types: Sessions}
{"logTime": "1008/041626", "correlationVector":"enhpisTqxfo7ilfYy3J4Ka.1","action":"SyncServerConnectionManagerRequest", "result":"SYNC_SERVER_OK", "context":{"environment":"Prod_SoutheastAsia_000j", "migrationStage":"NotStarted", "server":"GENERAL0100001A"}}
{"logTime": "1008/041626", "correlationVector":"enhpisTqxfo7ilfYy3J4Ka.2","action":"Commit Response", "result":"Success", "context":Result: Success. cV=enhpisTqxfo7ilfYy3J4Ka.0;server=GENERAL0100001A;cloudType=Consumer;environment=Prod_SoutheastAsia_000j;migrationStage=NotStarted}
{"logTime": "1008/070202", "correlationVector":"/6iB7ce0nHIY3PrPA8Z2zm.1","action":"SyncServerConnectionManagerRequest", "result":"SYNC_SERVER_OK", "context":{"environment":"Prod_SoutheastAsia_000j", "migrationStage":"NotStarted", "server":"GENERAL01000011"}}
{"logTime": "1008/070202", "correlationVector":"MCHYcpERaJY4echt3WCQfB","action":"SyncServerConnectionManagerRequest", "result":"SYNC_SERVER_OK", "context":{"environment":"", "migrationStage":"", "server":""}}
{"logTime": "1008/070202", "correlationVector":"/6iB7ce0nHIY3PrPA8Z2zm","action":"Initial GetUpdates", "result":"", "context":Reason: NEW_CLIENT. cV=/6iB7ce0nHIY3PrPA8Z2zm}
{"logTime": "1008/070202", "correlationVector":"/6iB7ce0nHIY3PrPA8Z2zm.2","action":"GetUpdates Response", "result":"Success", "context":Received 1 update(s). cV=/6iB7ce0nHIY3PrPA8Z2zm.0;server=GENERAL01000011;cloudType=Consumer;environment=Prod_SoutheastAsia_000j;migrationStage=NotStarted}
{"logTime": "1008/070202", "correlationVector":"IzR462dSq8Rh/HUmjbHG0J","action":"Initial GetUpdates", "result":"", "context":Reason: NEWLY_SUPPORTED_DATATYPE. cV=IzR462dSq8Rh/HUmjbHG0J}
{"logTime": "1008/070203", "correlationVector":"IzR462dSq8Rh/HUmjbHG0J.1","action":"SyncServerConnectionManagerRequest", "result":"SYNC_SERVER_OK", "context":{"environment":"Prod_SoutheastAsia_000j", "migrationStage":"NotStarted", "server":"GENERAL03000009"}}
{"logTime": "1008/070203", "correlationVector":"IzR462dSq8Rh/HUmjbHG0J.2","action":"GetUpdates Response", "result":"Success", "context":Received 32 update(s). cV=IzR462dSq8Rh/HUmjbHG0J.0;server=GENERAL03000009;cloudType=Consumer;environment=Prod_SoutheastAsia_000j;migrationStage=NotStarted}
{"logTime": "1008/070203", "correlationVector":"8LZ6XKVaRRmJtuoQeq2wxg","action":"Normal GetUpdate request", "result":"", "context":cV=8LZ6XKVaRRmJtuoQeq2wxg
Nudged types: Sessions
Refresh requested types: Bookmarks, Preferences, Passwords, Autofill Profiles, Autofill, Typed URLs, Extensions, Sessions, Extension settings, History Delete Directives, Device Info, User Consents, Send Tab To Self, Web Apps, Collection, Edge E Drop, Edge Hub App Usage, Edge Tab Group, Edge Wallet, Encryption Keys}
{"logTime": "1008/070204", "correlationVector":"8LZ6XKVaRRmJtuoQeq2wxg.1","action":"SyncServerConnectionManagerRequest", "result":"SYNC_SERVER_OK", "context":{"environment":"Prod_SoutheastAsia_000j", "migrationStage":"NotStarted", "server":"GENERAL03000015"}}
{"logTime": "1008/070204", "correlationVector":"8LZ6XKVaRRmJtuoQeq2wxg.2","action":"GetUpdates", "result":"DeleteReceived", "context":{"id":"1f303035-5e3a-4884-83af-8dd37d200c61", "isDeleted:":"true", "version":"1728365602753"}}
{"logTime": "1008/070204", "correlationVector":"8LZ6XKVaRRmJtuoQeq2wxg.3","action":"GetUpdates", "result":"DeleteReceived", "context":{"id":"2cb146ef-f623-496b-ae75-c8ab2fd36597", "isDeleted:":"true", "version":"1728365602754"}}
{"logTime": "1008/070204", "correlationVector":"8LZ6XKVaRRmJtuoQeq2wxg.4","action":"GetUpdates", "result":"DeleteReceived", "context":{"id":"406f650b-bd51-4fb0-afc9-89ac32f065f9", "isDeleted:":"true", "version":"1728365862048"}}
{"logTime": "1008/070204", "correlationVector":"8LZ6XKVaRRmJtuoQeq2wxg.5","action":"GetUpdates", "result":"DeleteReceived", "context":{"id":"83b3339b-f314-45dd-a532-af6ab4741d0b", "isDeleted:":"true", "version":"1728366213537"}}
{"logTime": "1008/070204", "correlationVector":"8LZ6XKVaRRmJtuoQeq2wxg.6","action":"GetUpdates", "result":"DeleteReceived", "context":{"id":"4e3950d2-57eb-4b27-8ace-195b6b698d88", "isDeleted:":"true", "version":"1728367088728"}}
{"logTime": "1008/070204", "correlationVector":"8LZ6XKVaRRmJtuoQeq2wxg.7","action":"GetUpdates", "result":"DeleteReceived", "context":{"id":"3037a42e-87e2-4c62-8d00-8d4aa4c2b244", "isDeleted:":"true", "version":"1728369228957"}}
{"logTime": "1008/070204", "correlationVector":"8LZ6XKVaRRmJtuoQeq2wxg.8","action":"GetUpdates", "result":"DeleteReceived", "context":{"id":"c6a8e112-e878-49f8-bc9f-e5a62e036b82", "isDeleted:":"true", "version":"1728369420351"}}
{"logTime": "1008/070204", "correlationVector":"8LZ6XKVaRRmJtuoQeq2wxg.9","action":"GetUpdates", "result":"DeleteReceived", "context":{"id":"04267e4c-eaba-4e69-b635-aaf4c15729e1", "isDeleted:":"true", "version":"1728370200548"}}
{"logTime": "1008/070204", "correlationVector":"8LZ6XKVaRRmJtuoQeq2wxg.10","action":"GetUpdates", "result":"DeleteReceived", "context":{"id":"37d877b2-d873-45b7-b220-e66aaa386ed5", "isDeleted:":"true", "version":"1728370917337"}}
{"logTime": "1008/070204", "correlationVector":"8LZ6XKVaRRmJtuoQeq2wxg.11","action":"GetUpdates Response", "result":"Success", "context":Received 38 update(s). cV=8LZ6XKVaRRmJtuoQeq2wxg.0;server=GENERAL03000015;cloudType=Consumer;environment=Prod_SoutheastAsia_000j;migrationStage=NotStarted}
{"logTime": "1008/070204", "correlationVector":"+r5F+aEjjdKB6/JuFeUuWK","action":"Commit Request", "result":"", "context":Item count: 3
Contributing types: Sessions}
{"logTime": "1008/070205", "correlationVector":"+r5F+aEjjdKB6/JuFeUuWK.1","action":"SyncServerConnectionManagerRequest", "result":"SYNC_SERVER_OK", "context":{"environment":"Prod_SoutheastAsia_000j", "migrationStage":"NotStarted", "server":"GENERAL03000015"}}
{"logTime": "1008/070205", "correlationVector":"+r5F+aEjjdKB6/JuFeUuWK.2","action":"Commit Response", "result":"Success", "context":Result: Success. cV=+r5F+aEjjdKB6/JuFeUuWK.0;server=GENERAL03000015;cloudType=Consumer;environment=Prod_SoutheastAsia_000j;migrationStage=NotStarted}
{"logTime": "1008/070205", "correlationVector":"+r5F+aEjjdKB6/JuFeUuWK.3","action":"Commit.Sessions", "result":"Success", "context":{"id":"8df32532-8257-4ab9-959f-7e56a6480b77", "isDeleted":"true", "size":"0", "version":"1728360984635"}}
{"logTime": "1008/070235", "correlationVector":"YMpglieOcbiujQ6RiXxGiG","action":"Normal GetUpdate request", "result":"", "context":cV=YMpglieOcbiujQ6RiXxGiG
Nudged types: Sessions}
{"logTime": "1008/070235", "correlationVector":"YMpglieOcbiujQ6RiXxGiG.1","action":"SyncServerConnectionManagerRequest", "result":"SYNC_SERVER_OK", "context":{"environment":"Prod_SoutheastAsia_000j", "migrationStage":"NotStarted", "server":"GENERAL01000005"}}
{"logTime": "1008/070235", "correlationVector":"YMpglieOcbiujQ6RiXxGiG.2","action":"GetUpdates", "result":"DeleteReceived", "context":{"id":"8df32532-8257-4ab9-959f-7e56a6480b77", "isDeleted:":"true", "version":"1728370924762"}}
{"logTime": "1008/070235", "correlationVector":"YMpglieOcbiujQ6RiXxGiG.3","action":"GetUpdates Response", "result":"Success", "context":Received 3 update(s). cV=YMpglieOcbiujQ6RiXxGiG.0;server=GENERAL01000005;cloudType=Consumer;environment=Prod_SoutheastAsia_000j;migrationStage=NotStarted}
{"logTime": "1008/070235", "correlationVector":"VOgdfAWuBGGUR9rJmm8x7A","action":"Commit Request", "result":"", "context":Item count: 1
Contributing types: Sessions}
{"logTime": "1008/070236", "correlationVector":"VOgdfAWuBGGUR9rJmm8x7A.1","action":"SyncServerConnectionManagerRequest", "result":"SYNC_SERVER_OK", "context":{"environment":"Prod_SoutheastAsia_000j", "migrationStage":"NotStarted", "server":"GENERAL0300001V"}}
{"logTime": "1008/070236", "correlationVector":"VOgdfAWuBGGUR9rJmm8x7A.2","action":"Commit Response", "result":"Success", "context":Result: Success. cV=VOgdfAWuBGGUR9rJmm8x7A.0;server=GENERAL0300001V;cloudType=Consumer;environment=Prod_SoutheastAsia_000j;migrationStage=NotStarted}
